{"/Users/khushigupta/Desktop/wingmann-ims-complete (1)/backend/src/index.js": {"path":"/Users/khushigupta/Desktop/wingmann-ims-complete (1)/backend/src/index.js","statementMap":{"0":{"start":{"line":6,"column":0},"end":{"line":6,"column":27}},"1":{"start":{"line":8,"column":19},"end":{"line":8,"column":37}},"2":{"start":{"line":9,"column":19},"end":{"line":9,"column":34}},"3":{"start":{"line":10,"column":19},"end":{"line":10,"column":34}},"4":{"start":{"line":11,"column":19},"end":{"line":11,"column":36}},"5":{"start":{"line":12,"column":19},"end":{"line":12,"column":48}},"6":{"start":{"line":13,"column":19},"end":{"line":13,"column":38}},"7":{"start":{"line":14,"column":19},"end":{"line":14,"column":39}},"8":{"start":{"line":16,"column":27},"end":{"line":16,"column":50}},"9":{"start":{"line":17,"column":27},"end":{"line":17,"column":63}},"10":{"start":{"line":19,"column":27},"end":{"line":19,"column":51}},"11":{"start":{"line":20,"column":27},"end":{"line":20,"column":51}},"12":{"start":{"line":21,"column":27},"end":{"line":21,"column":58}},"13":{"start":{"line":22,"column":27},"end":{"line":22,"column":52}},"14":{"start":{"line":24,"column":15},"end":{"line":24,"column":24}},"15":{"start":{"line":25,"column":15},"end":{"line":25,"column":37}},"16":{"start":{"line":28,"column":11},"end":{"line":30,"column":2}},"17":{"start":{"line":33,"column":0},"end":{"line":44,"column":3}},"18":{"start":{"line":34,"column":16},"end":{"line":34,"column":44}},"19":{"start":{"line":35,"column":2},"end":{"line":35,"column":54}},"20":{"start":{"line":35,"column":14},"end":{"line":35,"column":54}},"21":{"start":{"line":37,"column":2},"end":{"line":43,"column":3}},"22":{"start":{"line":38,"column":20},"end":{"line":38,"column":38}},"23":{"start":{"line":39,"column":4},"end":{"line":39,"column":32}},"24":{"start":{"line":40,"column":4},"end":{"line":40,"column":11}},"25":{"start":{"line":42,"column":4},"end":{"line":42,"column":37}},"26":{"start":{"line":46,"column":0},"end":{"line":54,"column":3}},"27":{"start":{"line":49,"column":2},"end":{"line":49,"column":29}},"28":{"start":{"line":51,"column":2},"end":{"line":53,"column":5}},"29":{"start":{"line":52,"column":4},"end":{"line":52,"column":32}},"30":{"start":{"line":57,"column":0},"end":{"line":57,"column":18}},"31":{"start":{"line":58,"column":0},"end":{"line":58,"column":69}},"32":{"start":{"line":59,"column":0},"end":{"line":59,"column":24}},"33":{"start":{"line":60,"column":0},"end":{"line":60,"column":31}},"34":{"start":{"line":63,"column":0},"end":{"line":68,"column":4}},"35":{"start":{"line":71,"column":0},"end":{"line":75,"column":4}},"36":{"start":{"line":78,"column":0},"end":{"line":81,"column":3}},"37":{"start":{"line":79,"column":2},"end":{"line":79,"column":14}},"38":{"start":{"line":80,"column":2},"end":{"line":80,"column":9}},"39":{"start":{"line":84,"column":0},"end":{"line":84,"column":40}},"40":{"start":{"line":85,"column":0},"end":{"line":85,"column":40}},"41":{"start":{"line":86,"column":0},"end":{"line":86,"column":47}},"42":{"start":{"line":87,"column":0},"end":{"line":87,"column":41}},"43":{"start":{"line":89,"column":0},"end":{"line":89,"column":66}},"44":{"start":{"line":89,"column":38},"end":{"line":89,"column":64}},"45":{"start":{"line":92,"column":0},"end":{"line":92,"column":22}},"46":{"start":{"line":95,"column":0},"end":{"line":101,"column":1}},"47":{"start":{"line":96,"column":15},"end":{"line":96,"column":39}},"48":{"start":{"line":97,"column":2},"end":{"line":100,"column":5}},"49":{"start":{"line":98,"column":4},"end":{"line":98,"column":82}},"50":{"start":{"line":99,"column":4},"end":{"line":99,"column":79}},"51":{"start":{"line":103,"column":0},"end":{"line":103,"column":37}}},"fnMap":{"0":{"name":"(anonymous_0)","decl":{"start":{"line":33,"column":7},"end":{"line":33,"column":8}},"loc":{"start":{"line":33,"column":25},"end":{"line":44,"column":1}},"line":33},"1":{"name":"(anonymous_1)","decl":{"start":{"line":46,"column":20},"end":{"line":46,"column":21}},"loc":{"start":{"line":46,"column":32},"end":{"line":54,"column":1}},"line":46},"2":{"name":"(anonymous_2)","decl":{"start":{"line":51,"column":26},"end":{"line":51,"column":27}},"loc":{"start":{"line":51,"column":32},"end":{"line":53,"column":3}},"line":51},"3":{"name":"(anonymous_3)","decl":{"start":{"line":78,"column":8},"end":{"line":78,"column":9}},"loc":{"start":{"line":78,"column":29},"end":{"line":81,"column":1}},"line":78},"4":{"name":"(anonymous_4)","decl":{"start":{"line":89,"column":23},"end":{"line":89,"column":24}},"loc":{"start":{"line":89,"column":38},"end":{"line":89,"column":64}},"line":89},"5":{"name":"(anonymous_5)","decl":{"start":{"line":97,"column":22},"end":{"line":97,"column":23}},"loc":{"start":{"line":97,"column":28},"end":{"line":100,"column":3}},"line":97}},"branchMap":{"0":{"loc":{"start":{"line":35,"column":2},"end":{"line":35,"column":54}},"type":"if","locations":[{"start":{"line":35,"column":2},"end":{"line":35,"column":54}},{"start":{},"end":{}}],"line":35},"1":{"loc":{"start":{"line":95,"column":0},"end":{"line":101,"column":1}},"type":"if","locations":[{"start":{"line":95,"column":0},"end":{"line":101,"column":1}},{"start":{},"end":{}}],"line":95},"2":{"loc":{"start":{"line":96,"column":15},"end":{"line":96,"column":39}},"type":"binary-expr","locations":[{"start":{"line":96,"column":15},"end":{"line":96,"column":31}},{"start":{"line":96,"column":35},"end":{"line":96,"column":39}}],"line":96}},"s":{"0":2,"1":2,"2":2,"3":2,"4":2,"5":2,"6":2,"7":2,"8":2,"9":2,"10":2,"11":2,"12":2,"13":2,"14":2,"15":2,"16":2,"17":2,"18":0,"19":0,"20":0,"21":0,"22":0,"23":0,"24":0,"25":0,"26":2,"27":0,"28":0,"29":0,"30":2,"31":2,"32":2,"33":2,"34":2,"35":2,"36":2,"37":4,"38":4,"39":2,"40":2,"41":2,"42":2,"43":2,"44":1,"45":2,"46":2,"47":0,"48":0,"49":0,"50":0,"51":2},"f":{"0":0,"1":0,"2":0,"3":4,"4":1,"5":0},"b":{"0":[0,0],"1":[0,2],"2":[0,0]},"_coverageSchema":"1a1c01bbd47fc00a2c39e90264f33305004495a9","hash":"315be44b67d78deeb37ff7d656745bbaa82aad47"}
,"/Users/khushigupta/Desktop/wingmann-ims-complete (1)/backend/src/config/db.js": {"path":"/Users/khushigupta/Desktop/wingmann-ims-complete (1)/backend/src/config/db.js","statementMap":{"0":{"start":{"line":1,"column":24},"end":{"line":1,"column":37}},"1":{"start":{"line":2,"column":0},"end":{"line":2,"column":27}},"2":{"start":{"line":8,"column":0},"end":{"line":8,"column":40}},"3":{"start":{"line":8,"column":35},"end":{"line":8,"column":38}},"4":{"start":{"line":9,"column":0},"end":{"line":9,"column":40}},"5":{"start":{"line":9,"column":35},"end":{"line":9,"column":38}},"6":{"start":{"line":10,"column":0},"end":{"line":10,"column":40}},"7":{"start":{"line":10,"column":35},"end":{"line":10,"column":38}},"8":{"start":{"line":12,"column":13},"end":{"line":21,"column":2}},"9":{"start":{"line":23,"column":0},"end":{"line":26,"column":3}},"10":{"start":{"line":24,"column":2},"end":{"line":24,"column":57}},"11":{"start":{"line":25,"column":2},"end":{"line":25,"column":19}},"12":{"start":{"line":28,"column":18},"end":{"line":28,"column":60}},"13":{"start":{"line":28,"column":36},"end":{"line":28,"column":60}},"14":{"start":{"line":29,"column":18},"end":{"line":29,"column":38}},"15":{"start":{"line":29,"column":24},"end":{"line":29,"column":38}},"16":{"start":{"line":31,"column":0},"end":{"line":31,"column":44}}},"fnMap":{"0":{"name":"(anonymous_0)","decl":{"start":{"line":8,"column":26},"end":{"line":8,"column":27}},"loc":{"start":{"line":8,"column":35},"end":{"line":8,"column":38}},"line":8},"1":{"name":"(anonymous_1)","decl":{"start":{"line":9,"column":26},"end":{"line":9,"column":27}},"loc":{"start":{"line":9,"column":35},"end":{"line":9,"column":38}},"line":9},"2":{"name":"(anonymous_2)","decl":{"start":{"line":10,"column":26},"end":{"line":10,"column":27}},"loc":{"start":{"line":10,"column":35},"end":{"line":10,"column":38}},"line":10},"3":{"name":"(anonymous_3)","decl":{"start":{"line":23,"column":17},"end":{"line":23,"column":18}},"loc":{"start":{"line":23,"column":26},"end":{"line":26,"column":1}},"line":23},"4":{"name":"(anonymous_4)","decl":{"start":{"line":28,"column":18},"end":{"line":28,"column":19}},"loc":{"start":{"line":28,"column":36},"end":{"line":28,"column":60}},"line":28},"5":{"name":"(anonymous_5)","decl":{"start":{"line":29,"column":18},"end":{"line":29,"column":19}},"loc":{"start":{"line":29,"column":24},"end":{"line":29,"column":38}},"line":29}},"branchMap":{"0":{"loc":{"start":{"line":13,"column":12},"end":{"line":13,"column":50}},"type":"binary-expr","locations":[{"start":{"line":13,"column":12},"end":{"line":13,"column":31}},{"start":{"line":13,"column":39},"end":{"line":13,"column":50}}],"line":13},"1":{"loc":{"start":{"line":14,"column":12},"end":{"line":14,"column":49}},"type":"binary-expr","locations":[{"start":{"line":14,"column":12},"end":{"line":14,"column":41}},{"start":{"line":14,"column":45},"end":{"line":14,"column":49}}],"line":14},"2":{"loc":{"start":{"line":15,"column":12},"end":{"line":15,"column":53}},"type":"binary-expr","locations":[{"start":{"line":15,"column":12},"end":{"line":15,"column":31}},{"start":{"line":15,"column":39},"end":{"line":15,"column":53}}],"line":15},"3":{"loc":{"start":{"line":16,"column":12},"end":{"line":16,"column":49}},"type":"binary-expr","locations":[{"start":{"line":16,"column":12},"end":{"line":16,"column":31}},{"start":{"line":16,"column":39},"end":{"line":16,"column":49}}],"line":16},"4":{"loc":{"start":{"line":17,"column":12},"end":{"line":17,"column":41}},"type":"binary-expr","locations":[{"start":{"line":17,"column":12},"end":{"line":17,"column":35}},{"start":{"line":17,"column":39},"end":{"line":17,"column":41}}],"line":17}},"s":{"0":2,"1":2,"2":2,"3":0,"4":2,"5":0,"6":2,"7":0,"8":2,"9":2,"10":0,"11":0,"12":2,"13":1,"14":2,"15":0,"16":2},"f":{"0":0,"1":0,"2":0,"3":0,"4":1,"5":0},"b":{"0":[2,0],"1":[2,0],"2":[2,0],"3":[2,0],"4":[2,2]},"_coverageSchema":"1a1c01bbd47fc00a2c39e90264f33305004495a9","hash":"ef4870426c4f6413622a884747260ff827d8d652"}
,"/Users/khushigupta/Desktop/wingmann-ims-complete (1)/backend/src/config/jwt.js": {"path":"/Users/khushigupta/Desktop/wingmann-ims-complete (1)/backend/src/config/jwt.js","statementMap":{"0":{"start":{"line":1,"column":12},"end":{"line":1,"column":35}},"1":{"start":{"line":3,"column":16},"end":{"line":3,"column":38}},"2":{"start":{"line":4,"column":16},"end":{"line":4,"column":50}},"3":{"start":{"line":6,"column":0},"end":{"line":8,"column":1}},"4":{"start":{"line":7,"column":2},"end":{"line":7,"column":66}},"5":{"start":{"line":18,"column":2},"end":{"line":22,"column":4}},"6":{"start":{"line":33,"column":2},"end":{"line":33,"column":35}},"7":{"start":{"line":36,"column":0},"end":{"line":36,"column":44}}},"fnMap":{"0":{"name":"signToken","decl":{"start":{"line":17,"column":9},"end":{"line":17,"column":18}},"loc":{"start":{"line":17,"column":25},"end":{"line":23,"column":1}},"line":17},"1":{"name":"verifyToken","decl":{"start":{"line":32,"column":9},"end":{"line":32,"column":20}},"loc":{"start":{"line":32,"column":28},"end":{"line":34,"column":1}},"line":32}},"branchMap":{"0":{"loc":{"start":{"line":4,"column":16},"end":{"line":4,"column":50}},"type":"binary-expr","locations":[{"start":{"line":4,"column":16},"end":{"line":4,"column":42}},{"start":{"line":4,"column":46},"end":{"line":4,"column":50}}],"line":4},"1":{"loc":{"start":{"line":6,"column":0},"end":{"line":8,"column":1}},"type":"if","locations":[{"start":{"line":6,"column":0},"end":{"line":8,"column":1}},{"start":{},"end":{}}],"line":6},"2":{"loc":{"start":{"line":6,"column":4},"end":{"line":6,"column":46}},"type":"binary-expr","locations":[{"start":{"line":6,"column":4},"end":{"line":6,"column":11}},{"start":{"line":6,"column":15},"end":{"line":6,"column":46}}],"line":6}},"s":{"0":2,"1":2,"2":2,"3":2,"4":0,"5":0,"6":0,"7":2},"f":{"0":0,"1":0},"b":{"0":[2,0],"1":[0,2],"2":[2,0]},"_coverageSchema":"1a1c01bbd47fc00a2c39e90264f33305004495a9","hash":"86a732a0332788ae5ab1303f484bcb1ff1c07e30"}
,"/Users/khushigupta/Desktop/wingmann-ims-complete (1)/backend/src/db/bookingTransaction.js": {"path":"/Users/khushigupta/Desktop/wingmann-ims-complete (1)/backend/src/db/bookingTransaction.js","statementMap":{"0":{"start":{"line":16,"column":22},"end":{"line":16,"column":45}},"1":{"start":{"line":31,"column":17},"end":{"line":31,"column":34}},"2":{"start":{"line":33,"column":2},"end":{"line":111,"column":3}},"3":{"start":{"line":34,"column":4},"end":{"line":34,"column":32}},"4":{"start":{"line":38,"column":31},"end":{"line":44,"column":5}},"5":{"start":{"line":46,"column":4},"end":{"line":48,"column":5}},"6":{"start":{"line":47,"column":6},"end":{"line":47,"column":96}},"7":{"start":{"line":50,"column":17},"end":{"line":50,"column":28}},"8":{"start":{"line":52,"column":4},"end":{"line":54,"column":5}},"9":{"start":{"line":53,"column":6},"end":{"line":53,"column":111}},"10":{"start":{"line":57,"column":26},"end":{"line":57,"column":36}},"11":{"start":{"line":58,"column":26},"end":{"line":58,"column":51}},"12":{"start":{"line":59,"column":27},"end":{"line":59,"column":67}},"13":{"start":{"line":61,"column":4},"end":{"line":63,"column":5}},"14":{"start":{"line":62,"column":6},"end":{"line":62,"column":116}},"15":{"start":{"line":66,"column":4},"end":{"line":69,"column":6}},"16":{"start":{"line":75,"column":4},"end":{"line":92,"column":5}},"17":{"start":{"line":76,"column":23},"end":{"line":81,"column":7}},"18":{"start":{"line":82,"column":6},"end":{"line":82,"column":27}},"19":{"start":{"line":84,"column":6},"end":{"line":90,"column":7}},"20":{"start":{"line":86,"column":8},"end":{"line":89,"column":10}},"21":{"start":{"line":91,"column":6},"end":{"line":91,"column":16}},"22":{"start":{"line":95,"column":30},"end":{"line":100,"column":5}},"23":{"start":{"line":102,"column":4},"end":{"line":102,"column":33}},"24":{"start":{"line":104,"column":4},"end":{"line":104,"column":58}},"25":{"start":{"line":107,"column":4},"end":{"line":107,"column":35}},"26":{"start":{"line":108,"column":4},"end":{"line":108,"column":14}},"27":{"start":{"line":110,"column":4},"end":{"line":110,"column":21}},"28":{"start":{"line":127,"column":17},"end":{"line":127,"column":34}},"29":{"start":{"line":129,"column":2},"end":{"line":195,"column":3}},"30":{"start":{"line":130,"column":4},"end":{"line":130,"column":32}},"31":{"start":{"line":133,"column":21},"end":{"line":141,"column":5}},"32":{"start":{"line":143,"column":4},"end":{"line":145,"column":5}},"33":{"start":{"line":144,"column":6},"end":{"line":144,"column":94}},"34":{"start":{"line":147,"column":20},"end":{"line":147,"column":27}},"35":{"start":{"line":149,"column":4},"end":{"line":151,"column":5}},"36":{"start":{"line":150,"column":6},"end":{"line":150,"column":86}},"37":{"start":{"line":153,"column":4},"end":{"line":158,"column":5}},"38":{"start":{"line":154,"column":6},"end":{"line":157,"column":8}},"39":{"start":{"line":161,"column":27},"end":{"line":161,"column":37}},"40":{"start":{"line":162,"column":27},"end":{"line":162,"column":55}},"41":{"start":{"line":163,"column":27},"end":{"line":163,"column":63}},"42":{"start":{"line":165,"column":4},"end":{"line":170,"column":5}},"43":{"start":{"line":166,"column":6},"end":{"line":169,"column":8}},"44":{"start":{"line":173,"column":30},"end":{"line":179,"column":5}},"45":{"start":{"line":182,"column":4},"end":{"line":185,"column":6}},"46":{"start":{"line":187,"column":4},"end":{"line":187,"column":33}},"47":{"start":{"line":188,"column":4},"end":{"line":188,"column":22}},"48":{"start":{"line":191,"column":4},"end":{"line":191,"column":35}},"49":{"start":{"line":192,"column":4},"end":{"line":192,"column":14}},"50":{"start":{"line":194,"column":4},"end":{"line":194,"column":21}},"51":{"start":{"line":209,"column":17},"end":{"line":209,"column":34}},"52":{"start":{"line":211,"column":2},"end":{"line":267,"column":3}},"53":{"start":{"line":212,"column":4},"end":{"line":212,"column":32}},"54":{"start":{"line":214,"column":21},"end":{"line":217,"column":5}},"55":{"start":{"line":219,"column":4},"end":{"line":221,"column":5}},"56":{"start":{"line":220,"column":6},"end":{"line":220,"column":96}},"57":{"start":{"line":223,"column":22},"end":{"line":223,"column":29}},"58":{"start":{"line":225,"column":4},"end":{"line":227,"column":5}},"59":{"start":{"line":226,"column":6},"end":{"line":226,"column":86}},"60":{"start":{"line":229,"column":4},"end":{"line":234,"column":5}},"61":{"start":{"line":230,"column":6},"end":{"line":233,"column":8}},"62":{"start":{"line":236,"column":4},"end":{"line":238,"column":5}},"63":{"start":{"line":237,"column":6},"end":{"line":237,"column":98}},"64":{"start":{"line":241,"column":30},"end":{"line":249,"column":5}},"65":{"start":{"line":252,"column":4},"end":{"line":255,"column":6}},"66":{"start":{"line":257,"column":4},"end":{"line":257,"column":33}},"67":{"start":{"line":260,"column":4},"end":{"line":260,"column":22}},"68":{"start":{"line":263,"column":4},"end":{"line":263,"column":35}},"69":{"start":{"line":264,"column":4},"end":{"line":264,"column":14}},"70":{"start":{"line":266,"column":4},"end":{"line":266,"column":21}},"71":{"start":{"line":279,"column":17},"end":{"line":279,"column":34}},"72":{"start":{"line":281,"column":2},"end":{"line":311,"column":3}},"73":{"start":{"line":282,"column":4},"end":{"line":282,"column":32}},"74":{"start":{"line":285,"column":21},"end":{"line":295,"column":5}},"75":{"start":{"line":298,"column":4},"end":{"line":301,"column":6}},"76":{"start":{"line":303,"column":4},"end":{"line":303,"column":33}},"77":{"start":{"line":304,"column":4},"end":{"line":304,"column":23}},"78":{"start":{"line":307,"column":4},"end":{"line":307,"column":35}},"79":{"start":{"line":308,"column":4},"end":{"line":308,"column":14}},"80":{"start":{"line":310,"column":4},"end":{"line":310,"column":21}},"81":{"start":{"line":314,"column":0},"end":{"line":314,"column":78}}},"fnMap":{"0":{"name":"bookSlot","decl":{"start":{"line":30,"column":15},"end":{"line":30,"column":23}},"loc":{"start":{"line":30,"column":40},"end":{"line":112,"column":1}},"line":30},"1":{"name":"cancelBooking","decl":{"start":{"line":126,"column":15},"end":{"line":126,"column":28}},"loc":{"start":{"line":126,"column":48},"end":{"line":196,"column":1}},"line":126},"2":{"name":"recordOutcome","decl":{"start":{"line":208,"column":15},"end":{"line":208,"column":28}},"loc":{"start":{"line":208,"column":80},"end":{"line":268,"column":1}},"line":208},"3":{"name":"reassignBookings","decl":{"start":{"line":278,"column":15},"end":{"line":278,"column":31}},"loc":{"start":{"line":278,"column":60},"end":{"line":312,"column":1}},"line":278}},"branchMap":{"0":{"loc":{"start":{"line":46,"column":4},"end":{"line":48,"column":5}},"type":"if","locations":[{"start":{"line":46,"column":4},"end":{"line":48,"column":5}},{"start":{},"end":{}}],"line":46},"1":{"loc":{"start":{"line":52,"column":4},"end":{"line":54,"column":5}},"type":"if","locations":[{"start":{"line":52,"column":4},"end":{"line":54,"column":5}},{"start":{},"end":{}}],"line":52},"2":{"loc":{"start":{"line":61,"column":4},"end":{"line":63,"column":5}},"type":"if","locations":[{"start":{"line":61,"column":4},"end":{"line":63,"column":5}},{"start":{},"end":{}}],"line":61},"3":{"loc":{"start":{"line":84,"column":6},"end":{"line":90,"column":7}},"type":"if","locations":[{"start":{"line":84,"column":6},"end":{"line":90,"column":7}},{"start":{},"end":{}}],"line":84},"4":{"loc":{"start":{"line":143,"column":4},"end":{"line":145,"column":5}},"type":"if","locations":[{"start":{"line":143,"column":4},"end":{"line":145,"column":5}},{"start":{},"end":{}}],"line":143},"5":{"loc":{"start":{"line":149,"column":4},"end":{"line":151,"column":5}},"type":"if","locations":[{"start":{"line":149,"column":4},"end":{"line":151,"column":5}},{"start":{},"end":{}}],"line":149},"6":{"loc":{"start":{"line":153,"column":4},"end":{"line":158,"column":5}},"type":"if","locations":[{"start":{"line":153,"column":4},"end":{"line":158,"column":5}},{"start":{},"end":{}}],"line":153},"7":{"loc":{"start":{"line":165,"column":4},"end":{"line":170,"column":5}},"type":"if","locations":[{"start":{"line":165,"column":4},"end":{"line":170,"column":5}},{"start":{},"end":{}}],"line":165},"8":{"loc":{"start":{"line":208,"column":66},"end":{"line":208,"column":78}},"type":"default-arg","locations":[{"start":{"line":208,"column":74},"end":{"line":208,"column":78}}],"line":208},"9":{"loc":{"start":{"line":219,"column":4},"end":{"line":221,"column":5}},"type":"if","locations":[{"start":{"line":219,"column":4},"end":{"line":221,"column":5}},{"start":{},"end":{}}],"line":219},"10":{"loc":{"start":{"line":225,"column":4},"end":{"line":227,"column":5}},"type":"if","locations":[{"start":{"line":225,"column":4},"end":{"line":227,"column":5}},{"start":{},"end":{}}],"line":225},"11":{"loc":{"start":{"line":229,"column":4},"end":{"line":234,"column":5}},"type":"if","locations":[{"start":{"line":229,"column":4},"end":{"line":234,"column":5}},{"start":{},"end":{}}],"line":229},"12":{"loc":{"start":{"line":236,"column":4},"end":{"line":238,"column":5}},"type":"if","locations":[{"start":{"line":236,"column":4},"end":{"line":238,"column":5}},{"start":{},"end":{}}],"line":236}},"s":{"0":2,"1":0,"2":0,"3":0,"4":0,"5":0,"6":0,"7":0,"8":0,"9":0,"10":0,"11":0,"12":0,"13":0,"14":0,"15":0,"16":0,"17":0,"18":0,"19":0,"20":0,"21":0,"22":0,"23":0,"24":0,"25":0,"26":0,"27":0,"28":0,"29":0,"30":0,"31":0,"32":0,"33":0,"34":0,"35":0,"36":0,"37":0,"38":0,"39":0,"40":0,"41":0,"42":0,"43":0,"44":0,"45":0,"46":0,"47":0,"48":0,"49":0,"50":0,"51":0,"52":0,"53":0,"54":0,"55":0,"56":0,"57":0,"58":0,"59":0,"60":0,"61":0,"62":0,"63":0,"64":0,"65":0,"66":0,"67":0,"68":0,"69":0,"70":0,"71":0,"72":0,"73":0,"74":0,"75":0,"76":0,"77":0,"78":0,"79":0,"80":0,"81":2},"f":{"0":0,"1":0,"2":0,"3":0},"b":{"0":[0,0],"1":[0,0],"2":[0,0],"3":[0,0],"4":[0,0],"5":[0,0],"6":[0,0],"7":[0,0],"8":[0],"9":[0,0],"10":[0,0],"11":[0,0],"12":[0,0]},"_coverageSchema":"1a1c01bbd47fc00a2c39e90264f33305004495a9","hash":"3631bed700bd1464458181913323c81b0343eeef"}
,"/Users/khushigupta/Desktop/wingmann-ims-complete (1)/backend/src/db/slotGenerator.js": {"path":"/Users/khushigupta/Desktop/wingmann-ims-complete (1)/backend/src/db/slotGenerator.js","statementMap":{"0":{"start":{"line":20,"column":21},"end":{"line":33,"column":3}},"1":{"start":{"line":21,"column":31},"end":{"line":21,"column":61}},"2":{"start":{"line":22,"column":31},"end":{"line":22,"column":61}},"3":{"start":{"line":23,"column":22},"end":{"line":23,"column":76}},"4":{"start":{"line":24,"column":23},"end":{"line":28,"column":31}},"5":{"start":{"line":29,"column":17},"end":{"line":29,"column":80}},"6":{"start":{"line":29,"column":27},"end":{"line":29,"column":80}},"7":{"start":{"line":29,"column":57},"end":{"line":29,"column":72}},"8":{"start":{"line":30,"column":17},"end":{"line":30,"column":53}},"9":{"start":{"line":31,"column":17},"end":{"line":31,"column":78}},"10":{"start":{"line":32,"column":4},"end":{"line":32,"column":48}},"11":{"start":{"line":35,"column":21},"end":{"line":35,"column":58}},"12":{"start":{"line":36,"column":21},"end":{"line":36,"column":58}},"13":{"start":{"line":37,"column":21},"end":{"line":37,"column":44}},"14":{"start":{"line":39,"column":2},"end":{"line":39,"column":71}},"15":{"start":{"line":39,"column":20},"end":{"line":39,"column":71}},"16":{"start":{"line":41,"column":18},"end":{"line":41,"column":20}},"17":{"start":{"line":42,"column":18},"end":{"line":42,"column":23}},"18":{"start":{"line":44,"column":2},"end":{"line":54,"column":3}},"19":{"start":{"line":45,"column":20},"end":{"line":45,"column":60}},"20":{"start":{"line":46,"column":4},"end":{"line":52,"column":7}},"21":{"start":{"line":53,"column":4},"end":{"line":53,"column":22}},"22":{"start":{"line":56,"column":2},"end":{"line":56,"column":91}},"23":{"start":{"line":56,"column":26},"end":{"line":56,"column":91}},"24":{"start":{"line":57,"column":2},"end":{"line":57,"column":15}},"25":{"start":{"line":67,"column":2},"end":{"line":67,"column":30}},"26":{"start":{"line":67,"column":21},"end":{"line":67,"column":30}},"27":{"start":{"line":69,"column":17},"end":{"line":69,"column":19}},"28":{"start":{"line":70,"column":17},"end":{"line":70,"column":19}},"29":{"start":{"line":71,"column":17},"end":{"line":71,"column":18}},"30":{"start":{"line":73,"column":2},"end":{"line":76,"column":3}},"31":{"start":{"line":74,"column":4},"end":{"line":74,"column":78}},"32":{"start":{"line":75,"column":4},"end":{"line":75,"column":89}},"33":{"start":{"line":78,"column":14},"end":{"line":83,"column":3}},"34":{"start":{"line":85,"column":19},"end":{"line":85,"column":50}},"35":{"start":{"line":86,"column":2},"end":{"line":86,"column":21}},"36":{"start":{"line":93,"column":19},"end":{"line":101,"column":3}},"37":{"start":{"line":102,"column":2},"end":{"line":102,"column":25}},"38":{"start":{"line":110,"column":19},"end":{"line":116,"column":3}},"39":{"start":{"line":117,"column":2},"end":{"line":117,"column":25}},"40":{"start":{"line":120,"column":0},"end":{"line":120,"column":76}}},"fnMap":{"0":{"name":"generateSlots","decl":{"start":{"line":19,"column":9},"end":{"line":19,"column":22}},"loc":{"start":{"line":19,"column":129},"end":{"line":58,"column":1}},"line":19},"1":{"name":"(anonymous_1)","decl":{"start":{"line":20,"column":21},"end":{"line":20,"column":22}},"loc":{"start":{"line":20,"column":47},"end":{"line":33,"column":3}},"line":20},"2":{"name":"(anonymous_2)","decl":{"start":{"line":29,"column":17},"end":{"line":29,"column":18}},"loc":{"start":{"line":29,"column":27},"end":{"line":29,"column":80}},"line":29},"3":{"name":"(anonymous_3)","decl":{"start":{"line":29,"column":52},"end":{"line":29,"column":53}},"loc":{"start":{"line":29,"column":57},"end":{"line":29,"column":72}},"line":29},"4":{"name":"insertSlots","decl":{"start":{"line":66,"column":15},"end":{"line":66,"column":26}},"loc":{"start":{"line":66,"column":42},"end":{"line":87,"column":1}},"line":66},"5":{"name":"hasOverlap","decl":{"start":{"line":92,"column":15},"end":{"line":92,"column":25}},"loc":{"start":{"line":92,"column":75},"end":{"line":103,"column":1}},"line":92},"6":{"name":"hasBookedSlots","decl":{"start":{"line":109,"column":15},"end":{"line":109,"column":29}},"loc":{"start":{"line":109,"column":54},"end":{"line":118,"column":1}},"line":109}},"branchMap":{"0":{"loc":{"start":{"line":19,"column":82},"end":{"line":19,"column":107}},"type":"default-arg","locations":[{"start":{"line":19,"column":93},"end":{"line":19,"column":107}}],"line":19},"1":{"loc":{"start":{"line":19,"column":109},"end":{"line":19,"column":125}},"type":"default-arg","locations":[{"start":{"line":19,"column":123},"end":{"line":19,"column":125}}],"line":19},"2":{"loc":{"start":{"line":30,"column":17},"end":{"line":30,"column":53}},"type":"cond-expr","locations":[{"start":{"line":30,"column":38},"end":{"line":30,"column":39}},{"start":{"line":30,"column":42},"end":{"line":30,"column":53}}],"line":30},"3":{"loc":{"start":{"line":39,"column":2},"end":{"line":39,"column":71}},"type":"if","locations":[{"start":{"line":39,"column":2},"end":{"line":39,"column":71}},{"start":{},"end":{}}],"line":39},"4":{"loc":{"start":{"line":56,"column":2},"end":{"line":56,"column":91}},"type":"if","locations":[{"start":{"line":56,"column":2},"end":{"line":56,"column":91}},{"start":{},"end":{}}],"line":56},"5":{"loc":{"start":{"line":67,"column":2},"end":{"line":67,"column":30}},"type":"if","locations":[{"start":{"line":67,"column":2},"end":{"line":67,"column":30}},{"start":{},"end":{}}],"line":67}},"s":{"0":0,"1":0,"2":0,"3":0,"4":0,"5":0,"6":0,"7":0,"8":0,"9":0,"10":0,"11":0,"12":0,"13":0,"14":0,"15":0,"16":0,"17":0,"18":0,"19":0,"20":0,"21":0,"22":0,"23":0,"24":0,"25":0,"26":0,"27":0,"28":0,"29":0,"30":0,"31":0,"32":0,"33":0,"34":0,"35":0,"36":0,"37":0,"38":0,"39":0,"40":2},"f":{"0":0,"1":0,"2":0,"3":0,"4":0,"5":0,"6":0},"b":{"0":[0],"1":[0],"2":[0,0],"3":[0,0],"4":[0,0],"5":[0,0]},"_coverageSchema":"1a1c01bbd47fc00a2c39e90264f33305004495a9","hash":"815f6052f6617aca28f4ccd467c42661a0868599"}
,"/Users/khushigupta/Desktop/wingmann-ims-complete (1)/backend/src/middleware/auth.js": {"path":"/Users/khushigupta/Desktop/wingmann-ims-complete (1)/backend/src/middleware/auth.js","statementMap":{"0":{"start":{"line":13,"column":24},"end":{"line":13,"column":48}},"1":{"start":{"line":14,"column":24},"end":{"line":14,"column":47}},"2":{"start":{"line":21,"column":17},"end":{"line":21,"column":42}},"3":{"start":{"line":23,"column":2},"end":{"line":25,"column":3}},"4":{"start":{"line":24,"column":4},"end":{"line":24,"column":88}},"5":{"start":{"line":27,"column":16},"end":{"line":27,"column":31}},"6":{"start":{"line":30,"column":2},"end":{"line":35,"column":3}},"7":{"start":{"line":31,"column":4},"end":{"line":31,"column":33}},"8":{"start":{"line":33,"column":20},"end":{"line":33,"column":88}},"9":{"start":{"line":34,"column":4},"end":{"line":34,"column":52}},"10":{"start":{"line":39,"column":2},"end":{"line":55,"column":3}},"11":{"start":{"line":40,"column":21},"end":{"line":45,"column":5}},"12":{"start":{"line":47,"column":4},"end":{"line":49,"column":5}},"13":{"start":{"line":48,"column":6},"end":{"line":48,"column":81}},"14":{"start":{"line":51,"column":4},"end":{"line":51,"column":23}},"15":{"start":{"line":52,"column":4},"end":{"line":52,"column":11}},"16":{"start":{"line":54,"column":4},"end":{"line":54,"column":14}},"17":{"start":{"line":66,"column":2},"end":{"line":76,"column":4}},"18":{"start":{"line":67,"column":4},"end":{"line":69,"column":5}},"19":{"start":{"line":68,"column":6},"end":{"line":68,"column":64}},"20":{"start":{"line":70,"column":4},"end":{"line":74,"column":5}},"21":{"start":{"line":71,"column":6},"end":{"line":73,"column":9}},"22":{"start":{"line":75,"column":4},"end":{"line":75,"column":11}},"23":{"start":{"line":84,"column":2},"end":{"line":89,"column":3}},"24":{"start":{"line":85,"column":4},"end":{"line":88,"column":7}},"25":{"start":{"line":90,"column":2},"end":{"line":90,"column":9}},"26":{"start":{"line":93,"column":0},"end":{"line":93,"column":71}}},"fnMap":{"0":{"name":"authenticate","decl":{"start":{"line":20,"column":15},"end":{"line":20,"column":27}},"loc":{"start":{"line":20,"column":44},"end":{"line":56,"column":1}},"line":20},"1":{"name":"requireRole","decl":{"start":{"line":65,"column":9},"end":{"line":65,"column":20}},"loc":{"start":{"line":65,"column":31},"end":{"line":77,"column":1}},"line":65},"2":{"name":"(anonymous_2)","decl":{"start":{"line":66,"column":9},"end":{"line":66,"column":10}},"loc":{"start":{"line":66,"column":29},"end":{"line":76,"column":3}},"line":66},"3":{"name":"requirePasswordChanged","decl":{"start":{"line":83,"column":9},"end":{"line":83,"column":31}},"loc":{"start":{"line":83,"column":48},"end":{"line":91,"column":1}},"line":83}},"branchMap":{"0":{"loc":{"start":{"line":23,"column":2},"end":{"line":25,"column":3}},"type":"if","locations":[{"start":{"line":23,"column":2},"end":{"line":25,"column":3}},{"start":{},"end":{}}],"line":23},"1":{"loc":{"start":{"line":23,"column":6},"end":{"line":23,"column":46}},"type":"binary-expr","locations":[{"start":{"line":23,"column":6},"end":{"line":23,"column":13}},{"start":{"line":23,"column":17},"end":{"line":23,"column":46}}],"line":23},"2":{"loc":{"start":{"line":33,"column":20},"end":{"line":33,"column":88}},"type":"cond-expr","locations":[{"start":{"line":33,"column":55},"end":{"line":33,"column":70}},{"start":{"line":33,"column":73},"end":{"line":33,"column":88}}],"line":33},"3":{"loc":{"start":{"line":47,"column":4},"end":{"line":49,"column":5}},"type":"if","locations":[{"start":{"line":47,"column":4},"end":{"line":49,"column":5}},{"start":{},"end":{}}],"line":47},"4":{"loc":{"start":{"line":47,"column":8},"end":{"line":47,"column":42}},"type":"binary-expr","locations":[{"start":{"line":47,"column":8},"end":{"line":47,"column":20}},{"start":{"line":47,"column":24},"end":{"line":47,"column":42}}],"line":47},"5":{"loc":{"start":{"line":67,"column":4},"end":{"line":69,"column":5}},"type":"if","locations":[{"start":{"line":67,"column":4},"end":{"line":69,"column":5}},{"start":{},"end":{}}],"line":67},"6":{"loc":{"start":{"line":70,"column":4},"end":{"line":74,"column":5}},"type":"if","locations":[{"start":{"line":70,"column":4},"end":{"line":74,"column":5}},{"start":{},"end":{}}],"line":70},"7":{"loc":{"start":{"line":84,"column":2},"end":{"line":89,"column":3}},"type":"if","locations":[{"start":{"line":84,"column":2},"end":{"line":89,"column":3}},{"start":{},"end":{}}],"line":84}},"s":{"0":2,"1":2,"2":1,"3":1,"4":1,"5":0,"6":0,"7":0,"8":0,"9":0,"10":0,"11":0,"12":0,"13":0,"14":0,"15":0,"16":0,"17":8,"18":0,"19":0,"20":0,"21":0,"22":0,"23":0,"24":0,"25":0,"26":2},"f":{"0":1,"1":8,"2":0,"3":0},"b":{"0":[1,0],"1":[1,0],"2":[0,0],"3":[0,0],"4":[0,0],"5":[0,0],"6":[0,0],"7":[0,0]},"_coverageSchema":"1a1c01bbd47fc00a2c39e90264f33305004495a9","hash":"7ffdc84c6437b2fd3ed4fda39b493a9e28b3d502"}
,"/Users/khushigupta/Desktop/wingmann-ims-complete (1)/backend/src/middleware/errorHandler.js": {"path":"/Users/khushigupta/Desktop/wingmann-ims-complete (1)/backend/src/middleware/errorHandler.js","statementMap":{"0":{"start":{"line":13,"column":19},"end":{"line":26,"column":1}},"1":{"start":{"line":30,"column":18},"end":{"line":30,"column":59}},"2":{"start":{"line":31,"column":18},"end":{"line":31,"column":48}},"3":{"start":{"line":32,"column":18},"end":{"line":32,"column":63}},"4":{"start":{"line":35,"column":2},"end":{"line":38,"column":3}},"5":{"start":{"line":36,"column":4},"end":{"line":36,"column":71}},"6":{"start":{"line":37,"column":4},"end":{"line":37,"column":49}},"7":{"start":{"line":37,"column":24},"end":{"line":37,"column":49}},"8":{"start":{"line":40,"column":2},"end":{"line":40,"column":52}},"9":{"start":{"line":50,"column":2},"end":{"line":69,"column":4}},"10":{"start":{"line":51,"column":20},"end":{"line":51,"column":22}},"11":{"start":{"line":53,"column":4},"end":{"line":60,"column":5}},"12":{"start":{"line":54,"column":6},"end":{"line":59,"column":7}},"13":{"start":{"line":55,"column":20},"end":{"line":55,"column":40}},"14":{"start":{"line":56,"column":8},"end":{"line":58,"column":9}},"15":{"start":{"line":57,"column":10},"end":{"line":57,"column":45}},"16":{"start":{"line":62,"column":4},"end":{"line":66,"column":5}},"17":{"start":{"line":63,"column":18},"end":{"line":63,"column":77}},"18":{"start":{"line":64,"column":6},"end":{"line":64,"column":37}},"19":{"start":{"line":65,"column":6},"end":{"line":65,"column":23}},"20":{"start":{"line":68,"column":4},"end":{"line":68,"column":11}},"21":{"start":{"line":72,"column":0},"end":{"line":72,"column":44}}},"fnMap":{"0":{"name":"errorHandler","decl":{"start":{"line":29,"column":9},"end":{"line":29,"column":21}},"loc":{"start":{"line":29,"column":43},"end":{"line":41,"column":1}},"line":29},"1":{"name":"validate","decl":{"start":{"line":49,"column":9},"end":{"line":49,"column":17}},"loc":{"start":{"line":49,"column":25},"end":{"line":70,"column":1}},"line":49},"2":{"name":"(anonymous_2)","decl":{"start":{"line":50,"column":9},"end":{"line":50,"column":10}},"loc":{"start":{"line":50,"column":29},"end":{"line":69,"column":3}},"line":50}},"branchMap":{"0":{"loc":{"start":{"line":30,"column":18},"end":{"line":30,"column":59}},"type":"binary-expr","locations":[{"start":{"line":30,"column":18},"end":{"line":30,"column":28}},{"start":{"line":30,"column":32},"end":{"line":30,"column":52}},{"start":{"line":30,"column":56},"end":{"line":30,"column":59}}],"line":30},"1":{"loc":{"start":{"line":31,"column":18},"end":{"line":31,"column":48}},"type":"binary-expr","locations":[{"start":{"line":31,"column":18},"end":{"line":31,"column":26}},{"start":{"line":31,"column":32},"end":{"line":31,"column":48}}],"line":31},"2":{"loc":{"start":{"line":32,"column":18},"end":{"line":32,"column":63}},"type":"binary-expr","locations":[{"start":{"line":32,"column":18},"end":{"line":32,"column":29}},{"start":{"line":32,"column":33},"end":{"line":32,"column":63}}],"line":32},"3":{"loc":{"start":{"line":35,"column":2},"end":{"line":38,"column":3}},"type":"if","locations":[{"start":{"line":35,"column":2},"end":{"line":38,"column":3}},{"start":{},"end":{}}],"line":35},"4":{"loc":{"start":{"line":37,"column":4},"end":{"line":37,"column":49}},"type":"if","locations":[{"start":{"line":37,"column":4},"end":{"line":37,"column":49}},{"start":{},"end":{}}],"line":37},"5":{"loc":{"start":{"line":56,"column":8},"end":{"line":58,"column":9}},"type":"if","locations":[{"start":{"line":56,"column":8},"end":{"line":58,"column":9}},{"start":{},"end":{}}],"line":56},"6":{"loc":{"start":{"line":56,"column":12},"end":{"line":56,"column":59}},"type":"binary-expr","locations":[{"start":{"line":56,"column":12},"end":{"line":56,"column":29}},{"start":{"line":56,"column":33},"end":{"line":56,"column":45}},{"start":{"line":56,"column":49},"end":{"line":56,"column":59}}],"line":56},"7":{"loc":{"start":{"line":62,"column":4},"end":{"line":66,"column":5}},"type":"if","locations":[{"start":{"line":62,"column":4},"end":{"line":66,"column":5}},{"start":{},"end":{}}],"line":62}},"s":{"0":2,"1":1,"2":1,"3":1,"4":1,"5":1,"6":1,"7":0,"8":1,"9":16,"10":2,"11":2,"12":2,"13":4,"14":4,"15":1,"16":2,"17":1,"18":1,"19":1,"20":1,"21":2},"f":{"0":1,"1":16,"2":2},"b":{"0":[1,1,0],"1":[1,0],"2":[1,0],"3":[1,0],"4":[0,1],"5":[1,3],"6":[4,3,3],"7":[1,1]},"_coverageSchema":"1a1c01bbd47fc00a2c39e90264f33305004495a9","hash":"1391b6556fdf0d6201fbc22d86ea6c1fe4a790ea"}
,"/Users/khushigupta/Desktop/wingmann-ims-complete (1)/backend/src/routes/admin.js": {"path":"/Users/khushigupta/Desktop/wingmann-ims-complete (1)/backend/src/routes/admin.js","statementMap":{"0":{"start":{"line":14,"column":19},"end":{"line":14,"column":37}},"1":{"start":{"line":15,"column":19},"end":{"line":15,"column":38}},"2":{"start":{"line":16,"column":19},"end":{"line":16,"column":36}},"3":{"start":{"line":17,"column":19},"end":{"line":17,"column":40}},"4":{"start":{"line":19,"column":41},"end":{"line":19,"column":64}},"5":{"start":{"line":20,"column":41},"end":{"line":20,"column":70}},"6":{"start":{"line":21,"column":41},"end":{"line":21,"column":78}},"7":{"start":{"line":22,"column":41},"end":{"line":22,"column":76}},"8":{"start":{"line":24,"column":15},"end":{"line":24,"column":31}},"9":{"start":{"line":27,"column":0},"end":{"line":27,"column":47}},"10":{"start":{"line":31,"column":2},"end":{"line":35,"column":5}},"11":{"start":{"line":39,"column":20},"end":{"line":39,"column":34}},"12":{"start":{"line":40,"column":2},"end":{"line":53,"column":5}},"13":{"start":{"line":58,"column":0},"end":{"line":95,"column":2}},"14":{"start":{"line":61,"column":41},"end":{"line":61,"column":49}},"15":{"start":{"line":63,"column":4},"end":{"line":93,"column":5}},"16":{"start":{"line":65,"column":33},"end":{"line":68,"column":7}},"17":{"start":{"line":69,"column":6},"end":{"line":71,"column":7}},"18":{"start":{"line":70,"column":8},"end":{"line":70,"column":92}},"19":{"start":{"line":74,"column":26},"end":{"line":74,"column":70}},"20":{"start":{"line":75,"column":26},"end":{"line":75,"column":60}},"21":{"start":{"line":77,"column":23},"end":{"line":83,"column":7}},"22":{"start":{"line":86,"column":6},"end":{"line":88,"column":8}},"23":{"start":{"line":87,"column":8},"end":{"line":87,"column":71}},"24":{"start":{"line":90,"column":6},"end":{"line":90,"column":114}},"25":{"start":{"line":92,"column":6},"end":{"line":92,"column":16}},"26":{"start":{"line":99,"column":0},"end":{"line":138,"column":3}},"27":{"start":{"line":100,"column":2},"end":{"line":137,"column":3}},"28":{"start":{"line":101,"column":21},"end":{"line":132,"column":5}},"29":{"start":{"line":134,"column":4},"end":{"line":134,"column":37}},"30":{"start":{"line":136,"column":4},"end":{"line":136,"column":14}},"31":{"start":{"line":142,"column":0},"end":{"line":165,"column":3}},"32":{"start":{"line":143,"column":17},"end":{"line":143,"column":27}},"33":{"start":{"line":145,"column":2},"end":{"line":164,"column":3}},"34":{"start":{"line":146,"column":21},"end":{"line":149,"column":5}},"35":{"start":{"line":151,"column":4},"end":{"line":153,"column":5}},"36":{"start":{"line":152,"column":6},"end":{"line":152,"column":70}},"37":{"start":{"line":156,"column":23},"end":{"line":156,"column":62}},"38":{"start":{"line":158,"column":4},"end":{"line":161,"column":7}},"39":{"start":{"line":163,"column":4},"end":{"line":163,"column":14}},"40":{"start":{"line":169,"column":0},"end":{"line":195,"column":3}},"41":{"start":{"line":170,"column":17},"end":{"line":170,"column":27}},"42":{"start":{"line":172,"column":2},"end":{"line":194,"column":3}},"43":{"start":{"line":173,"column":21},"end":{"line":176,"column":5}},"44":{"start":{"line":178,"column":4},"end":{"line":178,"column":93}},"45":{"start":{"line":178,"column":22},"end":{"line":178,"column":93}},"46":{"start":{"line":180,"column":28},"end":{"line":180,"column":35}},"47":{"start":{"line":181,"column":28},"end":{"line":181,"column":72}},"48":{"start":{"line":182,"column":28},"end":{"line":182,"column":62}},"49":{"start":{"line":184,"column":4},"end":{"line":187,"column":6}},"50":{"start":{"line":189,"column":4},"end":{"line":189,"column":52}},"51":{"start":{"line":191,"column":4},"end":{"line":191,"column":63}},"52":{"start":{"line":193,"column":4},"end":{"line":193,"column":14}},"53":{"start":{"line":199,"column":0},"end":{"line":233,"column":3}},"54":{"start":{"line":200,"column":2},"end":{"line":232,"column":3}},"55":{"start":{"line":201,"column":21},"end":{"line":227,"column":5}},"56":{"start":{"line":229,"column":4},"end":{"line":229,"column":35}},"57":{"start":{"line":231,"column":4},"end":{"line":231,"column":14}},"58":{"start":{"line":237,"column":0},"end":{"line":277,"column":2}},"59":{"start":{"line":240,"column":33},"end":{"line":240,"column":43}},"60":{"start":{"line":241,"column":33},"end":{"line":241,"column":41}},"61":{"start":{"line":243,"column":4},"end":{"line":275,"column":5}},"62":{"start":{"line":245,"column":31},"end":{"line":248,"column":7}},"63":{"start":{"line":249,"column":6},"end":{"line":251,"column":7}},"64":{"start":{"line":250,"column":8},"end":{"line":250,"column":88}},"65":{"start":{"line":253,"column":23},"end":{"line":260,"column":7}},"66":{"start":{"line":262,"column":6},"end":{"line":264,"column":7}},"67":{"start":{"line":263,"column":8},"end":{"line":263,"column":95}},"68":{"start":{"line":267,"column":6},"end":{"line":270,"column":8}},"69":{"start":{"line":272,"column":6},"end":{"line":272,"column":81}},"70":{"start":{"line":274,"column":6},"end":{"line":274,"column":16}},"71":{"start":{"line":279,"column":0},"end":{"line":279,"column":24}}},"fnMap":{"0":{"name":"getTransport","decl":{"start":{"line":30,"column":9},"end":{"line":30,"column":21}},"loc":{"start":{"line":30,"column":24},"end":{"line":36,"column":1}},"line":30},"1":{"name":"sendCredentials","decl":{"start":{"line":38,"column":15},"end":{"line":38,"column":30}},"loc":{"start":{"line":38,"column":54},"end":{"line":54,"column":1}},"line":38},"2":{"name":"(anonymous_2)","decl":{"start":{"line":60,"column":2},"end":{"line":60,"column":3}},"loc":{"start":{"line":60,"column":28},"end":{"line":94,"column":3}},"line":60},"3":{"name":"(anonymous_3)","decl":{"start":{"line":86,"column":54},"end":{"line":86,"column":55}},"loc":{"start":{"line":87,"column":8},"end":{"line":87,"column":71}},"line":87},"4":{"name":"(anonymous_4)","decl":{"start":{"line":99,"column":28},"end":{"line":99,"column":29}},"loc":{"start":{"line":99,"column":54},"end":{"line":138,"column":1}},"line":99},"5":{"name":"(anonymous_5)","decl":{"start":{"line":142,"column":35},"end":{"line":142,"column":36}},"loc":{"start":{"line":142,"column":61},"end":{"line":165,"column":1}},"line":142},"6":{"name":"(anonymous_6)","decl":{"start":{"line":169,"column":52},"end":{"line":169,"column":53}},"loc":{"start":{"line":169,"column":78},"end":{"line":195,"column":1}},"line":169},"7":{"name":"(anonymous_7)","decl":{"start":{"line":199,"column":26},"end":{"line":199,"column":27}},"loc":{"start":{"line":199,"column":52},"end":{"line":233,"column":1}},"line":199},"8":{"name":"(anonymous_8)","decl":{"start":{"line":239,"column":2},"end":{"line":239,"column":3}},"loc":{"start":{"line":239,"column":28},"end":{"line":276,"column":3}},"line":239}},"branchMap":{"0":{"loc":{"start":{"line":33,"column":10},"end":{"line":33,"column":48}},"type":"binary-expr","locations":[{"start":{"line":33,"column":10},"end":{"line":33,"column":41}},{"start":{"line":33,"column":45},"end":{"line":33,"column":48}}],"line":33},"1":{"loc":{"start":{"line":69,"column":6},"end":{"line":71,"column":7}},"type":"if","locations":[{"start":{"line":69,"column":6},"end":{"line":71,"column":7}},{"start":{},"end":{}}],"line":69},"2":{"loc":{"start":{"line":151,"column":4},"end":{"line":153,"column":5}},"type":"if","locations":[{"start":{"line":151,"column":4},"end":{"line":153,"column":5}},{"start":{},"end":{}}],"line":151},"3":{"loc":{"start":{"line":151,"column":8},"end":{"line":151,"column":54}},"type":"binary-expr","locations":[{"start":{"line":151,"column":8},"end":{"line":151,"column":20}},{"start":{"line":151,"column":24},"end":{"line":151,"column":54}}],"line":151},"4":{"loc":{"start":{"line":178,"column":4},"end":{"line":178,"column":93}},"type":"if","locations":[{"start":{"line":178,"column":4},"end":{"line":178,"column":93}},{"start":{},"end":{}}],"line":178},"5":{"loc":{"start":{"line":249,"column":6},"end":{"line":251,"column":7}},"type":"if","locations":[{"start":{"line":249,"column":6},"end":{"line":251,"column":7}},{"start":{},"end":{}}],"line":249},"6":{"loc":{"start":{"line":262,"column":6},"end":{"line":264,"column":7}},"type":"if","locations":[{"start":{"line":262,"column":6},"end":{"line":264,"column":7}},{"start":{},"end":{}}],"line":262}},"s":{"0":2,"1":2,"2":2,"3":2,"4":2,"5":2,"6":2,"7":2,"8":2,"9":2,"10":0,"11":0,"12":0,"13":2,"14":0,"15":0,"16":0,"17":0,"18":0,"19":0,"20":0,"21":0,"22":0,"23":0,"24":0,"25":0,"26":2,"27":0,"28":0,"29":0,"30":0,"31":2,"32":0,"33":0,"34":0,"35":0,"36":0,"37":0,"38":0,"39":0,"40":2,"41":0,"42":0,"43":0,"44":0,"45":0,"46":0,"47":0,"48":0,"49":0,"50":0,"51":0,"52":0,"53":2,"54":0,"55":0,"56":0,"57":0,"58":2,"59":0,"60":0,"61":0,"62":0,"63":0,"64":0,"65":0,"66":0,"67":0,"68":0,"69":0,"70":0,"71":2},"f":{"0":0,"1":0,"2":0,"3":0,"4":0,"5":0,"6":0,"7":0,"8":0},"b":{"0":[0,0],"1":[0,0],"2":[0,0],"3":[0,0],"4":[0,0],"5":[0,0],"6":[0,0]},"_coverageSchema":"1a1c01bbd47fc00a2c39e90264f33305004495a9","hash":"6de8a894446be9ca4236164bb791fa36f6d0ed75"}
,"/Users/khushigupta/Desktop/wingmann-ims-complete (1)/backend/src/routes/auth.js": {"path":"/Users/khushigupta/Desktop/wingmann-ims-complete (1)/backend/src/routes/auth.js","statementMap":{"0":{"start":{"line":11,"column":17},"end":{"line":11,"column":35}},"1":{"start":{"line":12,"column":17},"end":{"line":12,"column":36}},"2":{"start":{"line":13,"column":17},"end":{"line":13,"column":36}},"3":{"start":{"line":14,"column":37},"end":{"line":14,"column":71}},"4":{"start":{"line":16,"column":36},"end":{"line":16,"column":59}},"5":{"start":{"line":17,"column":36},"end":{"line":17,"column":60}},"6":{"start":{"line":18,"column":62},"end":{"line":18,"column":91}},"7":{"start":{"line":19,"column":36},"end":{"line":19,"column":73}},"8":{"start":{"line":21,"column":15},"end":{"line":21,"column":31}},"9":{"start":{"line":24,"column":0},"end":{"line":73,"column":3}},"10":{"start":{"line":31,"column":21},"end":{"line":31,"column":47}},"11":{"start":{"line":32,"column":21},"end":{"line":32,"column":40}},"12":{"start":{"line":33,"column":21},"end":{"line":33,"column":31}},"13":{"start":{"line":35,"column":4},"end":{"line":35,"column":72}},"14":{"start":{"line":35,"column":16},"end":{"line":35,"column":72}},"15":{"start":{"line":37,"column":4},"end":{"line":71,"column":5}},"16":{"start":{"line":39,"column":33},"end":{"line":42,"column":7}},"17":{"start":{"line":44,"column":6},"end":{"line":58,"column":7}},"18":{"start":{"line":45,"column":21},"end":{"line":45,"column":32}},"19":{"start":{"line":46,"column":8},"end":{"line":48,"column":9}},"20":{"start":{"line":47,"column":10},"end":{"line":47,"column":112}},"21":{"start":{"line":49,"column":8},"end":{"line":51,"column":9}},"22":{"start":{"line":50,"column":10},"end":{"line":50,"column":72}},"23":{"start":{"line":53,"column":25},"end":{"line":56,"column":9}},"24":{"start":{"line":57,"column":8},"end":{"line":57,"column":35}},"25":{"start":{"line":61,"column":23},"end":{"line":66,"column":7}},"26":{"start":{"line":68,"column":6},"end":{"line":68,"column":33}},"27":{"start":{"line":70,"column":6},"end":{"line":70,"column":23}},"28":{"start":{"line":77,"column":0},"end":{"line":79,"column":2}},"29":{"start":{"line":81,"column":0},"end":{"line":95,"column":2}},"30":{"start":{"line":84,"column":18},"end":{"line":84,"column":37}},"31":{"start":{"line":87,"column":25},"end":{"line":87,"column":51}},"32":{"start":{"line":88,"column":4},"end":{"line":88,"column":104}},"33":{"start":{"line":92,"column":16},"end":{"line":92,"column":62}},"34":{"start":{"line":93,"column":4},"end":{"line":93,"column":92}},"35":{"start":{"line":99,"column":0},"end":{"line":145,"column":2}},"36":{"start":{"line":102,"column":32},"end":{"line":102,"column":40}},"37":{"start":{"line":104,"column":4},"end":{"line":143,"column":5}},"38":{"start":{"line":105,"column":23},"end":{"line":110,"column":7}},"39":{"start":{"line":112,"column":19},"end":{"line":112,"column":26}},"40":{"start":{"line":115,"column":26},"end":{"line":115,"column":110}},"41":{"start":{"line":116,"column":27},"end":{"line":116,"column":70}},"42":{"start":{"line":118,"column":6},"end":{"line":120,"column":7}},"43":{"start":{"line":119,"column":8},"end":{"line":119,"column":76}},"44":{"start":{"line":122,"column":6},"end":{"line":124,"column":7}},"45":{"start":{"line":123,"column":8},"end":{"line":123,"column":81}},"46":{"start":{"line":126,"column":6},"end":{"line":128,"column":7}},"47":{"start":{"line":127,"column":8},"end":{"line":127,"column":79}},"48":{"start":{"line":130,"column":20},"end":{"line":130,"column":35}},"49":{"start":{"line":132,"column":6},"end":{"line":140,"column":9}},"50":{"start":{"line":142,"column":6},"end":{"line":142,"column":16}},"51":{"start":{"line":149,"column":0},"end":{"line":152,"column":3}},"52":{"start":{"line":151,"column":2},"end":{"line":151,"column":31}},"53":{"start":{"line":156,"column":0},"end":{"line":193,"column":2}},"54":{"start":{"line":161,"column":45},"end":{"line":161,"column":53}},"55":{"start":{"line":163,"column":4},"end":{"line":165,"column":5}},"56":{"start":{"line":164,"column":6},"end":{"line":164,"column":91}},"57":{"start":{"line":167,"column":4},"end":{"line":191,"column":5}},"58":{"start":{"line":168,"column":23},"end":{"line":171,"column":7}},"59":{"start":{"line":173,"column":20},"end":{"line":173,"column":80}},"60":{"start":{"line":174,"column":6},"end":{"line":176,"column":7}},"61":{"start":{"line":175,"column":8},"end":{"line":175,"column":80}},"62":{"start":{"line":178,"column":22},"end":{"line":178,"column":56}},"63":{"start":{"line":180,"column":6},"end":{"line":186,"column":8}},"64":{"start":{"line":188,"column":6},"end":{"line":188,"column":61}},"65":{"start":{"line":190,"column":6},"end":{"line":190,"column":16}},"66":{"start":{"line":195,"column":0},"end":{"line":195,"column":24}}},"fnMap":{"0":{"name":"(anonymous_0)","decl":{"start":{"line":30,"column":2},"end":{"line":30,"column":3}},"loc":{"start":{"line":30,"column":56},"end":{"line":72,"column":3}},"line":30},"1":{"name":"(anonymous_1)","decl":{"start":{"line":83,"column":2},"end":{"line":83,"column":3}},"loc":{"start":{"line":83,"column":16},"end":{"line":89,"column":3}},"line":83},"2":{"name":"(anonymous_2)","decl":{"start":{"line":91,"column":2},"end":{"line":91,"column":3}},"loc":{"start":{"line":91,"column":28},"end":{"line":94,"column":3}},"line":91},"3":{"name":"(anonymous_3)","decl":{"start":{"line":101,"column":2},"end":{"line":101,"column":3}},"loc":{"start":{"line":101,"column":28},"end":{"line":144,"column":3}},"line":101},"4":{"name":"(anonymous_4)","decl":{"start":{"line":149,"column":32},"end":{"line":149,"column":33}},"loc":{"start":{"line":149,"column":46},"end":{"line":152,"column":1}},"line":149},"5":{"name":"(anonymous_5)","decl":{"start":{"line":160,"column":2},"end":{"line":160,"column":3}},"loc":{"start":{"line":160,"column":28},"end":{"line":192,"column":3}},"line":160}},"branchMap":{"0":{"loc":{"start":{"line":35,"column":4},"end":{"line":35,"column":72}},"type":"if","locations":[{"start":{"line":35,"column":4},"end":{"line":35,"column":72}},{"start":{},"end":{}}],"line":35},"1":{"loc":{"start":{"line":44,"column":6},"end":{"line":58,"column":7}},"type":"if","locations":[{"start":{"line":44,"column":6},"end":{"line":58,"column":7}},{"start":{},"end":{}}],"line":44},"2":{"loc":{"start":{"line":46,"column":8},"end":{"line":48,"column":9}},"type":"if","locations":[{"start":{"line":46,"column":8},"end":{"line":48,"column":9}},{"start":{},"end":{}}],"line":46},"3":{"loc":{"start":{"line":49,"column":8},"end":{"line":51,"column":9}},"type":"if","locations":[{"start":{"line":49,"column":8},"end":{"line":51,"column":9}},{"start":{},"end":{}}],"line":49},"4":{"loc":{"start":{"line":92,"column":16},"end":{"line":92,"column":62}},"type":"binary-expr","locations":[{"start":{"line":92,"column":16},"end":{"line":92,"column":28}},{"start":{"line":92,"column":32},"end":{"line":92,"column":62}}],"line":92},"5":{"loc":{"start":{"line":115,"column":26},"end":{"line":115,"column":110}},"type":"binary-expr","locations":[{"start":{"line":115,"column":26},"end":{"line":115,"column":45}},{"start":{"line":115,"column":49},"end":{"line":115,"column":110}}],"line":115},"6":{"loc":{"start":{"line":118,"column":6},"end":{"line":120,"column":7}},"type":"if","locations":[{"start":{"line":118,"column":6},"end":{"line":120,"column":7}},{"start":{},"end":{}}],"line":118},"7":{"loc":{"start":{"line":118,"column":10},"end":{"line":118,"column":25}},"type":"binary-expr","locations":[{"start":{"line":118,"column":10},"end":{"line":118,"column":15}},{"start":{"line":118,"column":19},"end":{"line":118,"column":25}}],"line":118},"8":{"loc":{"start":{"line":122,"column":6},"end":{"line":124,"column":7}},"type":"if","locations":[{"start":{"line":122,"column":6},"end":{"line":124,"column":7}},{"start":{},"end":{}}],"line":122},"9":{"loc":{"start":{"line":126,"column":6},"end":{"line":128,"column":7}},"type":"if","locations":[{"start":{"line":126,"column":6},"end":{"line":128,"column":7}},{"start":{},"end":{}}],"line":126},"10":{"loc":{"start":{"line":163,"column":4},"end":{"line":165,"column":5}},"type":"if","locations":[{"start":{"line":163,"column":4},"end":{"line":165,"column":5}},{"start":{},"end":{}}],"line":163},"11":{"loc":{"start":{"line":174,"column":6},"end":{"line":176,"column":7}},"type":"if","locations":[{"start":{"line":174,"column":6},"end":{"line":176,"column":7}},{"start":{},"end":{}}],"line":174}},"s":{"0":2,"1":2,"2":2,"3":2,"4":2,"5":2,"6":2,"7":2,"8":2,"9":2,"10":0,"11":0,"12":0,"13":0,"14":0,"15":0,"16":0,"17":0,"18":0,"19":0,"20":0,"21":0,"22":0,"23":0,"24":0,"25":0,"26":0,"27":0,"28":2,"29":2,"30":0,"31":0,"32":0,"33":0,"34":0,"35":2,"36":1,"37":1,"38":1,"39":1,"40":1,"41":1,"42":1,"43":1,"44":0,"45":0,"46":0,"47":0,"48":0,"49":0,"50":0,"51":2,"52":0,"53":2,"54":0,"55":0,"56":0,"57":0,"58":0,"59":0,"60":0,"61":0,"62":0,"63":0,"64":0,"65":0,"66":2},"f":{"0":0,"1":0,"2":0,"3":1,"4":0,"5":0},"b":{"0":[0,0],"1":[0,0],"2":[0,0],"3":[0,0],"4":[0,0],"5":[1,1],"6":[1,0],"7":[1,0],"8":[0,0],"9":[0,0],"10":[0,0],"11":[0,0]},"_coverageSchema":"1a1c01bbd47fc00a2c39e90264f33305004495a9","hash":"2dcf12deab98d9b475682cf13db968b0e1072fac"}
,"/Users/khushigupta/Desktop/wingmann-ims-complete (1)/backend/src/routes/interviewer.js": {"path":"/Users/khushigupta/Desktop/wingmann-ims-complete (1)/backend/src/routes/interviewer.js","statementMap":{"0":{"start":{"line":13,"column":16},"end":{"line":13,"column":34}},"1":{"start":{"line":14,"column":29},"end":{"line":14,"column":52}},"2":{"start":{"line":15,"column":62},"end":{"line":15,"column":91}},"3":{"start":{"line":16,"column":21},"end":{"line":16,"column":58}},"4":{"start":{"line":17,"column":67},"end":{"line":17,"column":97}},"5":{"start":{"line":18,"column":26},"end":{"line":18,"column":61}},"6":{"start":{"line":20,"column":15},"end":{"line":20,"column":31}},"7":{"start":{"line":23,"column":0},"end":{"line":23,"column":86}},"8":{"start":{"line":27,"column":0},"end":{"line":88,"column":2}},"9":{"start":{"line":30,"column":41},"end":{"line":30,"column":49}},"10":{"start":{"line":31,"column":26},"end":{"line":31,"column":37}},"11":{"start":{"line":33,"column":4},"end":{"line":86,"column":5}},"12":{"start":{"line":34,"column":21},"end":{"line":34,"column":38}},"13":{"start":{"line":36,"column":6},"end":{"line":80,"column":7}},"14":{"start":{"line":37,"column":8},"end":{"line":37,"column":36}},"15":{"start":{"line":40,"column":24},"end":{"line":40,"column":89}},"16":{"start":{"line":41,"column":8},"end":{"line":44,"column":9}},"17":{"start":{"line":42,"column":10},"end":{"line":42,"column":41}},"18":{"start":{"line":43,"column":10},"end":{"line":43,"column":109}},"19":{"start":{"line":47,"column":33},"end":{"line":52,"column":9}},"20":{"start":{"line":54,"column":29},"end":{"line":54,"column":38}},"21":{"start":{"line":57,"column":28},"end":{"line":63,"column":10}},"22":{"start":{"line":65,"column":25},"end":{"line":65,"column":57}},"23":{"start":{"line":67,"column":8},"end":{"line":67,"column":37}},"24":{"start":{"line":69,"column":8},"end":{"line":73,"column":11}},"25":{"start":{"line":76,"column":8},"end":{"line":76,"column":39}},"26":{"start":{"line":77,"column":8},"end":{"line":77,"column":18}},"27":{"start":{"line":79,"column":8},"end":{"line":79,"column":25}},"28":{"start":{"line":84,"column":6},"end":{"line":84,"column":40}},"29":{"start":{"line":84,"column":23},"end":{"line":84,"column":40}},"30":{"start":{"line":85,"column":6},"end":{"line":85,"column":16}},"31":{"start":{"line":92,"column":0},"end":{"line":113,"column":3}},"32":{"start":{"line":93,"column":2},"end":{"line":112,"column":3}},"33":{"start":{"line":94,"column":21},"end":{"line":107,"column":5}},"34":{"start":{"line":109,"column":4},"end":{"line":109,"column":37}},"35":{"start":{"line":111,"column":4},"end":{"line":111,"column":14}},"36":{"start":{"line":117,"column":0},"end":{"line":169,"column":3}},"37":{"start":{"line":118,"column":17},"end":{"line":118,"column":34}},"38":{"start":{"line":120,"column":2},"end":{"line":168,"column":3}},"39":{"start":{"line":121,"column":4},"end":{"line":121,"column":32}},"40":{"start":{"line":124,"column":21},"end":{"line":127,"column":5}},"41":{"start":{"line":129,"column":4},"end":{"line":132,"column":5}},"42":{"start":{"line":130,"column":6},"end":{"line":130,"column":37}},"43":{"start":{"line":131,"column":6},"end":{"line":131,"column":77}},"44":{"start":{"line":134,"column":4},"end":{"line":137,"column":5}},"45":{"start":{"line":135,"column":6},"end":{"line":135,"column":37}},"46":{"start":{"line":136,"column":6},"end":{"line":136,"column":58}},"47":{"start":{"line":140,"column":19},"end":{"line":140,"column":62}},"48":{"start":{"line":141,"column":4},"end":{"line":147,"column":5}},"49":{"start":{"line":142,"column":6},"end":{"line":142,"column":37}},"50":{"start":{"line":143,"column":6},"end":{"line":146,"column":9}},"51":{"start":{"line":150,"column":4},"end":{"line":153,"column":6}},"52":{"start":{"line":155,"column":4},"end":{"line":158,"column":6}},"53":{"start":{"line":160,"column":4},"end":{"line":160,"column":33}},"54":{"start":{"line":161,"column":4},"end":{"line":161,"column":56}},"55":{"start":{"line":164,"column":4},"end":{"line":164,"column":35}},"56":{"start":{"line":165,"column":4},"end":{"line":165,"column":14}},"57":{"start":{"line":167,"column":4},"end":{"line":167,"column":21}},"58":{"start":{"line":173,"column":0},"end":{"line":208,"column":3}},"59":{"start":{"line":174,"column":2},"end":{"line":207,"column":3}},"60":{"start":{"line":175,"column":21},"end":{"line":198,"column":5}},"61":{"start":{"line":200,"column":22},"end":{"line":200,"column":32}},"62":{"start":{"line":201,"column":22},"end":{"line":201,"column":68}},"63":{"start":{"line":201,"column":39},"end":{"line":201,"column":67}},"64":{"start":{"line":202,"column":22},"end":{"line":202,"column":69}},"65":{"start":{"line":202,"column":39},"end":{"line":202,"column":68}},"66":{"start":{"line":204,"column":4},"end":{"line":204,"column":38}},"67":{"start":{"line":206,"column":4},"end":{"line":206,"column":14}},"68":{"start":{"line":212,"column":0},"end":{"line":255,"column":3}},"69":{"start":{"line":213,"column":2},"end":{"line":254,"column":3}},"70":{"start":{"line":214,"column":21},"end":{"line":249,"column":5}},"71":{"start":{"line":251,"column":4},"end":{"line":251,"column":33}},"72":{"start":{"line":253,"column":4},"end":{"line":253,"column":14}},"73":{"start":{"line":259,"column":0},"end":{"line":288,"column":2}},"74":{"start":{"line":262,"column":31},"end":{"line":262,"column":39}},"75":{"start":{"line":264,"column":4},"end":{"line":286,"column":5}},"76":{"start":{"line":265,"column":24},"end":{"line":270,"column":7}},"77":{"start":{"line":273,"column":6},"end":{"line":281,"column":7}},"78":{"start":{"line":274,"column":8},"end":{"line":280,"column":11}},"79":{"start":{"line":283,"column":6},"end":{"line":283,"column":60}},"80":{"start":{"line":285,"column":6},"end":{"line":285,"column":16}},"81":{"start":{"line":290,"column":0},"end":{"line":290,"column":24}}},"fnMap":{"0":{"name":"(anonymous_0)","decl":{"start":{"line":29,"column":2},"end":{"line":29,"column":3}},"loc":{"start":{"line":29,"column":28},"end":{"line":87,"column":3}},"line":29},"1":{"name":"(anonymous_1)","decl":{"start":{"line":92,"column":28},"end":{"line":92,"column":29}},"loc":{"start":{"line":92,"column":54},"end":{"line":113,"column":1}},"line":92},"2":{"name":"(anonymous_2)","decl":{"start":{"line":117,"column":35},"end":{"line":117,"column":36}},"loc":{"start":{"line":117,"column":61},"end":{"line":169,"column":1}},"line":117},"3":{"name":"(anonymous_3)","decl":{"start":{"line":173,"column":26},"end":{"line":173,"column":27}},"loc":{"start":{"line":173,"column":52},"end":{"line":208,"column":1}},"line":173},"4":{"name":"(anonymous_4)","decl":{"start":{"line":201,"column":34},"end":{"line":201,"column":35}},"loc":{"start":{"line":201,"column":39},"end":{"line":201,"column":67}},"line":201},"5":{"name":"(anonymous_5)","decl":{"start":{"line":202,"column":34},"end":{"line":202,"column":35}},"loc":{"start":{"line":202,"column":39},"end":{"line":202,"column":68}},"line":202},"6":{"name":"(anonymous_6)","decl":{"start":{"line":212,"column":21},"end":{"line":212,"column":22}},"loc":{"start":{"line":212,"column":47},"end":{"line":255,"column":1}},"line":212},"7":{"name":"(anonymous_7)","decl":{"start":{"line":261,"column":2},"end":{"line":261,"column":3}},"loc":{"start":{"line":261,"column":28},"end":{"line":287,"column":3}},"line":261}},"branchMap":{"0":{"loc":{"start":{"line":41,"column":8},"end":{"line":44,"column":9}},"type":"if","locations":[{"start":{"line":41,"column":8},"end":{"line":44,"column":9}},{"start":{},"end":{}}],"line":41},"1":{"loc":{"start":{"line":84,"column":6},"end":{"line":84,"column":40}},"type":"if","locations":[{"start":{"line":84,"column":6},"end":{"line":84,"column":40}},{"start":{},"end":{}}],"line":84},"2":{"loc":{"start":{"line":129,"column":4},"end":{"line":132,"column":5}},"type":"if","locations":[{"start":{"line":129,"column":4},"end":{"line":132,"column":5}},{"start":{},"end":{}}],"line":129},"3":{"loc":{"start":{"line":134,"column":4},"end":{"line":137,"column":5}},"type":"if","locations":[{"start":{"line":134,"column":4},"end":{"line":137,"column":5}},{"start":{},"end":{}}],"line":134},"4":{"loc":{"start":{"line":141,"column":4},"end":{"line":147,"column":5}},"type":"if","locations":[{"start":{"line":141,"column":4},"end":{"line":147,"column":5}},{"start":{},"end":{}}],"line":141},"5":{"loc":{"start":{"line":273,"column":6},"end":{"line":281,"column":7}},"type":"if","locations":[{"start":{"line":273,"column":6},"end":{"line":281,"column":7}},{"start":{},"end":{}}],"line":273},"6":{"loc":{"start":{"line":277,"column":23},"end":{"line":279,"column":59}},"type":"cond-expr","locations":[{"start":{"line":278,"column":14},"end":{"line":278,"column":61}},{"start":{"line":279,"column":14},"end":{"line":279,"column":59}}],"line":277}},"s":{"0":2,"1":2,"2":2,"3":2,"4":2,"5":2,"6":2,"7":2,"8":2,"9":0,"10":0,"11":0,"12":0,"13":0,"14":0,"15":0,"16":0,"17":0,"18":0,"19":0,"20":0,"21":0,"22":0,"23":0,"24":0,"25":0,"26":0,"27":0,"28":0,"29":0,"30":0,"31":2,"32":0,"33":0,"34":0,"35":0,"36":2,"37":0,"38":0,"39":0,"40":0,"41":0,"42":0,"43":0,"44":0,"45":0,"46":0,"47":0,"48":0,"49":0,"50":0,"51":0,"52":0,"53":0,"54":0,"55":0,"56":0,"57":0,"58":2,"59":0,"60":0,"61":0,"62":0,"63":0,"64":0,"65":0,"66":0,"67":0,"68":2,"69":0,"70":0,"71":0,"72":0,"73":2,"74":0,"75":0,"76":0,"77":0,"78":0,"79":0,"80":0,"81":2},"f":{"0":0,"1":0,"2":0,"3":0,"4":0,"5":0,"6":0,"7":0},"b":{"0":[0,0],"1":[0,0],"2":[0,0],"3":[0,0],"4":[0,0],"5":[0,0],"6":[0,0]},"_coverageSchema":"1a1c01bbd47fc00a2c39e90264f33305004495a9","hash":"417ffd9b440b16e459f0c8129c7ad8ef1f52ee53"}
,"/Users/khushigupta/Desktop/wingmann-ims-complete (1)/backend/src/routes/user.js": {"path":"/Users/khushigupta/Desktop/wingmann-ims-complete (1)/backend/src/routes/user.js","statementMap":{"0":{"start":{"line":11,"column":16},"end":{"line":11,"column":34}},"1":{"start":{"line":12,"column":18},"end":{"line":12,"column":41}},"2":{"start":{"line":13,"column":38},"end":{"line":13,"column":67}},"3":{"start":{"line":14,"column":21},"end":{"line":14,"column":58}},"4":{"start":{"line":15,"column":36},"end":{"line":15,"column":71}},"5":{"start":{"line":17,"column":15},"end":{"line":17,"column":31}},"6":{"start":{"line":19,"column":0},"end":{"line":19,"column":46}},"7":{"start":{"line":23,"column":0},"end":{"line":50,"column":2}},"8":{"start":{"line":26,"column":40},"end":{"line":26,"column":48}},"9":{"start":{"line":28,"column":4},"end":{"line":30,"column":5}},"10":{"start":{"line":29,"column":6},"end":{"line":29,"column":79}},"11":{"start":{"line":32,"column":4},"end":{"line":48,"column":5}},"12":{"start":{"line":33,"column":23},"end":{"line":43,"column":7}},"13":{"start":{"line":45,"column":6},"end":{"line":45,"column":34}},"14":{"start":{"line":47,"column":6},"end":{"line":47,"column":16}},"15":{"start":{"line":56,"column":0},"end":{"line":92,"column":3}},"16":{"start":{"line":57,"column":2},"end":{"line":91,"column":3}},"17":{"start":{"line":58,"column":17},"end":{"line":58,"column":72}},"18":{"start":{"line":59,"column":17},"end":{"line":59,"column":98}},"19":{"start":{"line":61,"column":21},"end":{"line":78,"column":5}},"20":{"start":{"line":81,"column":19},"end":{"line":81,"column":21}},"21":{"start":{"line":82,"column":4},"end":{"line":86,"column":5}},"22":{"start":{"line":83,"column":19},"end":{"line":83,"column":71}},"23":{"start":{"line":84,"column":6},"end":{"line":84,"column":43}},"24":{"start":{"line":84,"column":25},"end":{"line":84,"column":43}},"25":{"start":{"line":85,"column":6},"end":{"line":85,"column":30}},"26":{"start":{"line":88,"column":4},"end":{"line":88,"column":32}},"27":{"start":{"line":90,"column":4},"end":{"line":90,"column":14}},"28":{"start":{"line":96,"column":0},"end":{"line":106,"column":2}},"29":{"start":{"line":99,"column":4},"end":{"line":104,"column":5}},"30":{"start":{"line":100,"column":21},"end":{"line":100,"column":65}},"31":{"start":{"line":101,"column":6},"end":{"line":101,"column":35}},"32":{"start":{"line":103,"column":6},"end":{"line":103,"column":16}},"33":{"start":{"line":110,"column":0},"end":{"line":159,"column":3}},"34":{"start":{"line":111,"column":2},"end":{"line":158,"column":3}},"35":{"start":{"line":112,"column":21},"end":{"line":136,"column":5}},"36":{"start":{"line":138,"column":4},"end":{"line":140,"column":5}},"37":{"start":{"line":139,"column":6},"end":{"line":139,"column":41}},"38":{"start":{"line":142,"column":20},"end":{"line":142,"column":27}},"39":{"start":{"line":144,"column":20},"end":{"line":148,"column":26}},"40":{"start":{"line":150,"column":4},"end":{"line":155,"column":7}},"41":{"start":{"line":157,"column":4},"end":{"line":157,"column":14}},"42":{"start":{"line":163,"column":0},"end":{"line":170,"column":3}},"43":{"start":{"line":164,"column":2},"end":{"line":169,"column":3}},"44":{"start":{"line":165,"column":20},"end":{"line":165,"column":67}},"45":{"start":{"line":166,"column":4},"end":{"line":166,"column":69}},"46":{"start":{"line":168,"column":4},"end":{"line":168,"column":14}},"47":{"start":{"line":172,"column":0},"end":{"line":172,"column":24}}},"fnMap":{"0":{"name":"(anonymous_0)","decl":{"start":{"line":25,"column":2},"end":{"line":25,"column":3}},"loc":{"start":{"line":25,"column":28},"end":{"line":49,"column":3}},"line":25},"1":{"name":"(anonymous_1)","decl":{"start":{"line":56,"column":21},"end":{"line":56,"column":22}},"loc":{"start":{"line":56,"column":47},"end":{"line":92,"column":1}},"line":56},"2":{"name":"(anonymous_2)","decl":{"start":{"line":98,"column":2},"end":{"line":98,"column":3}},"loc":{"start":{"line":98,"column":28},"end":{"line":105,"column":3}},"line":98},"3":{"name":"(anonymous_3)","decl":{"start":{"line":110,"column":23},"end":{"line":110,"column":24}},"loc":{"start":{"line":110,"column":49},"end":{"line":159,"column":1}},"line":110},"4":{"name":"(anonymous_4)","decl":{"start":{"line":163,"column":31},"end":{"line":163,"column":32}},"loc":{"start":{"line":163,"column":57},"end":{"line":170,"column":1}},"line":163}},"branchMap":{"0":{"loc":{"start":{"line":28,"column":4},"end":{"line":30,"column":5}},"type":"if","locations":[{"start":{"line":28,"column":4},"end":{"line":30,"column":5}},{"start":{},"end":{}}],"line":28},"1":{"loc":{"start":{"line":28,"column":8},"end":{"line":28,"column":29}},"type":"binary-expr","locations":[{"start":{"line":28,"column":8},"end":{"line":28,"column":16}},{"start":{"line":28,"column":20},"end":{"line":28,"column":29}}],"line":28},"2":{"loc":{"start":{"line":58,"column":17},"end":{"line":58,"column":72}},"type":"binary-expr","locations":[{"start":{"line":58,"column":17},"end":{"line":58,"column":31}},{"start":{"line":58,"column":35},"end":{"line":58,"column":72}}],"line":58},"3":{"loc":{"start":{"line":59,"column":17},"end":{"line":59,"column":98}},"type":"binary-expr","locations":[{"start":{"line":59,"column":17},"end":{"line":59,"column":29}},{"start":{"line":59,"column":35},"end":{"line":59,"column":98}}],"line":59},"4":{"loc":{"start":{"line":84,"column":6},"end":{"line":84,"column":43}},"type":"if","locations":[{"start":{"line":84,"column":6},"end":{"line":84,"column":43}},{"start":{},"end":{}}],"line":84},"5":{"loc":{"start":{"line":138,"column":4},"end":{"line":140,"column":5}},"type":"if","locations":[{"start":{"line":138,"column":4},"end":{"line":140,"column":5}},{"start":{},"end":{}}],"line":138},"6":{"loc":{"start":{"line":144,"column":20},"end":{"line":148,"column":26}},"type":"binary-expr","locations":[{"start":{"line":144,"column":20},"end":{"line":148,"column":18}},{"start":{"line":148,"column":22},"end":{"line":148,"column":26}}],"line":144}},"s":{"0":2,"1":2,"2":2,"3":2,"4":2,"5":2,"6":2,"7":2,"8":0,"9":0,"10":0,"11":0,"12":0,"13":0,"14":0,"15":2,"16":0,"17":0,"18":0,"19":0,"20":0,"21":0,"22":0,"23":0,"24":0,"25":0,"26":0,"27":0,"28":2,"29":0,"30":0,"31":0,"32":0,"33":2,"34":0,"35":0,"36":0,"37":0,"38":0,"39":0,"40":0,"41":0,"42":2,"43":0,"44":0,"45":0,"46":0,"47":2},"f":{"0":0,"1":0,"2":0,"3":0,"4":0},"b":{"0":[0,0],"1":[0,0],"2":[0,0],"3":[0,0],"4":[0,0],"5":[0,0],"6":[0,0]},"_coverageSchema":"1a1c01bbd47fc00a2c39e90264f33305004495a9","hash":"88f4d8d897efc3a1153bdc4d0e43383d747b8a14"}
}
