TN:
SF:src/index.js
FN:33,(anonymous_0)
FN:46,(anonymous_1)
FN:51,(anonymous_2)
FN:78,(anonymous_3)
FN:89,(anonymous_4)
FN:97,(anonymous_5)
FNF:6
FNH:2
FNDA:0,(anonymous_0)
FNDA:0,(anonymous_1)
FNDA:0,(anonymous_2)
FNDA:4,(anonymous_3)
FNDA:1,(anonymous_4)
FNDA:0,(anonymous_5)
DA:6,2
DA:8,2
DA:9,2
DA:10,2
DA:11,2
DA:12,2
DA:13,2
DA:14,2
DA:16,2
DA:17,2
DA:19,2
DA:20,2
DA:21,2
DA:22,2
DA:24,2
DA:25,2
DA:28,2
DA:33,2
DA:34,0
DA:35,0
DA:37,0
DA:38,0
DA:39,0
DA:40,0
DA:42,0
DA:46,2
DA:49,0
DA:51,0
DA:52,0
DA:57,2
DA:58,2
DA:59,2
DA:60,2
DA:63,2
DA:71,2
DA:78,2
DA:79,4
DA:80,4
DA:84,2
DA:85,2
DA:86,2
DA:87,2
DA:89,2
DA:92,2
DA:95,2
DA:96,0
DA:97,0
DA:98,0
DA:99,0
DA:103,2
LF:50
LH:36
BRDA:35,0,0,0
BRDA:35,0,1,0
BRDA:95,1,0,0
BRDA:95,1,1,2
BRDA:96,2,0,0
BRDA:96,2,1,0
BRF:6
BRH:1
end_of_record
TN:
SF:src/config/db.js
FN:8,(anonymous_0)
FN:9,(anonymous_1)
FN:10,(anonymous_2)
FN:23,(anonymous_3)
FN:28,(anonymous_4)
FN:29,(anonymous_5)
FNF:6
FNH:1
FNDA:0,(anonymous_0)
FNDA:0,(anonymous_1)
FNDA:0,(anonymous_2)
FNDA:0,(anonymous_3)
FNDA:1,(anonymous_4)
FNDA:0,(anonymous_5)
DA:1,2
DA:2,2
DA:8,2
DA:9,2
DA:10,2
DA:12,2
DA:23,2
DA:24,0
DA:25,0
DA:28,2
DA:29,2
DA:31,2
LF:12
LH:10
BRDA:13,0,0,2
BRDA:13,0,1,0
BRDA:14,1,0,2
BRDA:14,1,1,0
BRDA:15,2,0,2
BRDA:15,2,1,0
BRDA:16,3,0,2
BRDA:16,3,1,0
BRDA:17,4,0,2
BRDA:17,4,1,2
BRF:10
BRH:6
end_of_record
TN:
SF:src/config/jwt.js
FN:17,signToken
FN:32,verifyToken
FNF:2
FNH:0
FNDA:0,signToken
FNDA:0,verifyToken
DA:1,2
DA:3,2
DA:4,2
DA:6,2
DA:7,0
DA:18,0
DA:33,0
DA:36,2
LF:8
LH:5
BRDA:4,0,0,2
BRDA:4,0,1,0
BRDA:6,1,0,0
BRDA:6,1,1,2
BRDA:6,2,0,2
BRDA:6,2,1,0
BRF:6
BRH:3
end_of_record
TN:
SF:src/db/bookingTransaction.js
FN:30,bookSlot
FN:126,cancelBooking
FN:208,recordOutcome
FN:278,reassignBookings
FNF:4
FNH:0
FNDA:0,bookSlot
FNDA:0,cancelBooking
FNDA:0,recordOutcome
FNDA:0,reassignBookings
DA:16,2
DA:31,0
DA:33,0
DA:34,0
DA:38,0
DA:46,0
DA:47,0
DA:50,0
DA:52,0
DA:53,0
DA:57,0
DA:58,0
DA:59,0
DA:61,0
DA:62,0
DA:66,0
DA:75,0
DA:76,0
DA:82,0
DA:84,0
DA:86,0
DA:91,0
DA:95,0
DA:102,0
DA:104,0
DA:107,0
DA:108,0
DA:110,0
DA:127,0
DA:129,0
DA:130,0
DA:133,0
DA:143,0
DA:144,0
DA:147,0
DA:149,0
DA:150,0
DA:153,0
DA:154,0
DA:161,0
DA:162,0
DA:163,0
DA:165,0
DA:166,0
DA:173,0
DA:182,0
DA:187,0
DA:188,0
DA:191,0
DA:192,0
DA:194,0
DA:209,0
DA:211,0
DA:212,0
DA:214,0
DA:219,0
DA:220,0
DA:223,0
DA:225,0
DA:226,0
DA:229,0
DA:230,0
DA:236,0
DA:237,0
DA:241,0
DA:252,0
DA:257,0
DA:260,0
DA:263,0
DA:264,0
DA:266,0
DA:279,0
DA:281,0
DA:282,0
DA:285,0
DA:298,0
DA:303,0
DA:304,0
DA:307,0
DA:308,0
DA:310,0
DA:314,2
LF:82
LH:2
BRDA:46,0,0,0
BRDA:46,0,1,0
BRDA:52,1,0,0
BRDA:52,1,1,0
BRDA:61,2,0,0
BRDA:61,2,1,0
BRDA:84,3,0,0
BRDA:84,3,1,0
BRDA:143,4,0,0
BRDA:143,4,1,0
BRDA:149,5,0,0
BRDA:149,5,1,0
BRDA:153,6,0,0
BRDA:153,6,1,0
BRDA:165,7,0,0
BRDA:165,7,1,0
BRDA:208,8,0,0
BRDA:219,9,0,0
BRDA:219,9,1,0
BRDA:225,10,0,0
BRDA:225,10,1,0
BRDA:229,11,0,0
BRDA:229,11,1,0
BRDA:236,12,0,0
BRDA:236,12,1,0
BRF:25
BRH:0
end_of_record
TN:
SF:src/db/slotGenerator.js
FN:19,generateSlots
FN:20,(anonymous_1)
FN:29,(anonymous_2)
FN:29,(anonymous_3)
FN:66,insertSlots
FN:92,hasOverlap
FN:109,hasBookedSlots
FNF:7
FNH:0
FNDA:0,generateSlots
FNDA:0,(anonymous_1)
FNDA:0,(anonymous_2)
FNDA:0,(anonymous_3)
FNDA:0,insertSlots
FNDA:0,hasOverlap
FNDA:0,hasBookedSlots
DA:20,0
DA:21,0
DA:22,0
DA:23,0
DA:24,0
DA:29,0
DA:30,0
DA:31,0
DA:32,0
DA:35,0
DA:36,0
DA:37,0
DA:39,0
DA:41,0
DA:42,0
DA:44,0
DA:45,0
DA:46,0
DA:53,0
DA:56,0
DA:57,0
DA:67,0
DA:69,0
DA:70,0
DA:71,0
DA:73,0
DA:74,0
DA:75,0
DA:78,0
DA:85,0
DA:86,0
DA:93,0
DA:102,0
DA:110,0
DA:117,0
DA:120,2
LF:36
LH:1
BRDA:19,0,0,0
BRDA:19,1,0,0
BRDA:30,2,0,0
BRDA:30,2,1,0
BRDA:39,3,0,0
BRDA:39,3,1,0
BRDA:56,4,0,0
BRDA:56,4,1,0
BRDA:67,5,0,0
BRDA:67,5,1,0
BRF:10
BRH:0
end_of_record
TN:
SF:src/middleware/auth.js
FN:20,authenticate
FN:65,requireRole
FN:66,(anonymous_2)
FN:83,requirePasswordChanged
FNF:4
FNH:2
FNDA:1,authenticate
FNDA:8,requireRole
FNDA:0,(anonymous_2)
FNDA:0,requirePasswordChanged
DA:13,2
DA:14,2
DA:21,1
DA:23,1
DA:24,1
DA:27,0
DA:30,0
DA:31,0
DA:33,0
DA:34,0
DA:39,0
DA:40,0
DA:47,0
DA:48,0
DA:51,0
DA:52,0
DA:54,0
DA:66,8
DA:67,0
DA:68,0
DA:70,0
DA:71,0
DA:75,0
DA:84,0
DA:85,0
DA:90,0
DA:93,2
LF:27
LH:7
BRDA:23,0,0,1
BRDA:23,0,1,0
BRDA:23,1,0,1
BRDA:23,1,1,0
BRDA:33,2,0,0
BRDA:33,2,1,0
BRDA:47,3,0,0
BRDA:47,3,1,0
BRDA:47,4,0,0
BRDA:47,4,1,0
BRDA:67,5,0,0
BRDA:67,5,1,0
BRDA:70,6,0,0
BRDA:70,6,1,0
BRDA:84,7,0,0
BRDA:84,7,1,0
BRF:16
BRH:2
end_of_record
TN:
SF:src/middleware/errorHandler.js
FN:29,errorHandler
FN:49,validate
FN:50,(anonymous_2)
FNF:3
FNH:3
FNDA:1,errorHandler
FNDA:16,validate
FNDA:2,(anonymous_2)
DA:13,2
DA:30,1
DA:31,1
DA:32,1
DA:35,1
DA:36,1
DA:37,1
DA:40,1
DA:50,16
DA:51,2
DA:53,2
DA:54,2
DA:55,4
DA:56,4
DA:57,1
DA:62,2
DA:63,1
DA:64,1
DA:65,1
DA:68,1
DA:72,2
LF:21
LH:21
BRDA:30,0,0,1
BRDA:30,0,1,1
BRDA:30,0,2,0
BRDA:31,1,0,1
BRDA:31,1,1,0
BRDA:32,2,0,1
BRDA:32,2,1,0
BRDA:35,3,0,1
BRDA:35,3,1,0
BRDA:37,4,0,0
BRDA:37,4,1,1
BRDA:56,5,0,1
BRDA:56,5,1,3
BRDA:56,6,0,4
BRDA:56,6,1,3
BRDA:56,6,2,3
BRDA:62,7,0,1
BRDA:62,7,1,1
BRF:18
BRH:13
end_of_record
TN:
SF:src/routes/admin.js
FN:30,getTransport
FN:38,sendCredentials
FN:60,(anonymous_2)
FN:86,(anonymous_3)
FN:99,(anonymous_4)
FN:142,(anonymous_5)
FN:169,(anonymous_6)
FN:199,(anonymous_7)
FN:239,(anonymous_8)
FNF:9
FNH:0
FNDA:0,getTransport
FNDA:0,sendCredentials
FNDA:0,(anonymous_2)
FNDA:0,(anonymous_3)
FNDA:0,(anonymous_4)
FNDA:0,(anonymous_5)
FNDA:0,(anonymous_6)
FNDA:0,(anonymous_7)
FNDA:0,(anonymous_8)
DA:14,2
DA:15,2
DA:16,2
DA:17,2
DA:19,2
DA:20,2
DA:21,2
DA:22,2
DA:24,2
DA:27,2
DA:31,0
DA:39,0
DA:40,0
DA:58,2
DA:61,0
DA:63,0
DA:65,0
DA:69,0
DA:70,0
DA:74,0
DA:75,0
DA:77,0
DA:86,0
DA:87,0
DA:90,0
DA:92,0
DA:99,2
DA:100,0
DA:101,0
DA:134,0
DA:136,0
DA:142,2
DA:143,0
DA:145,0
DA:146,0
DA:151,0
DA:152,0
DA:156,0
DA:158,0
DA:163,0
DA:169,2
DA:170,0
DA:172,0
DA:173,0
DA:178,0
DA:180,0
DA:181,0
DA:182,0
DA:184,0
DA:189,0
DA:191,0
DA:193,0
DA:199,2
DA:200,0
DA:201,0
DA:229,0
DA:231,0
DA:237,2
DA:240,0
DA:241,0
DA:243,0
DA:245,0
DA:249,0
DA:250,0
DA:253,0
DA:262,0
DA:263,0
DA:267,0
DA:272,0
DA:274,0
DA:279,2
LF:71
LH:17
BRDA:33,0,0,0
BRDA:33,0,1,0
BRDA:69,1,0,0
BRDA:69,1,1,0
BRDA:151,2,0,0
BRDA:151,2,1,0
BRDA:151,3,0,0
BRDA:151,3,1,0
BRDA:178,4,0,0
BRDA:178,4,1,0
BRDA:249,5,0,0
BRDA:249,5,1,0
BRDA:262,6,0,0
BRDA:262,6,1,0
BRF:14
BRH:0
end_of_record
TN:
SF:src/routes/auth.js
FN:30,(anonymous_0)
FN:83,(anonymous_1)
FN:91,(anonymous_2)
FN:101,(anonymous_3)
FN:149,(anonymous_4)
FN:160,(anonymous_5)
FNF:6
FNH:1
FNDA:0,(anonymous_0)
FNDA:0,(anonymous_1)
FNDA:0,(anonymous_2)
FNDA:1,(anonymous_3)
FNDA:0,(anonymous_4)
FNDA:0,(anonymous_5)
DA:11,2
DA:12,2
DA:13,2
DA:14,2
DA:16,2
DA:17,2
DA:18,2
DA:19,2
DA:21,2
DA:24,2
DA:31,0
DA:32,0
DA:33,0
DA:35,0
DA:37,0
DA:39,0
DA:44,0
DA:45,0
DA:46,0
DA:47,0
DA:49,0
DA:50,0
DA:53,0
DA:57,0
DA:61,0
DA:68,0
DA:70,0
DA:77,2
DA:81,2
DA:84,0
DA:87,0
DA:88,0
DA:92,0
DA:93,0
DA:99,2
DA:102,1
DA:104,1
DA:105,1
DA:112,1
DA:115,1
DA:116,1
DA:118,1
DA:119,1
DA:122,0
DA:123,0
DA:126,0
DA:127,0
DA:130,0
DA:132,0
DA:142,0
DA:149,2
DA:151,0
DA:156,2
DA:161,0
DA:163,0
DA:164,0
DA:167,0
DA:168,0
DA:173,0
DA:174,0
DA:175,0
DA:178,0
DA:180,0
DA:188,0
DA:190,0
DA:195,2
LF:66
LH:24
BRDA:35,0,0,0
BRDA:35,0,1,0
BRDA:44,1,0,0
BRDA:44,1,1,0
BRDA:46,2,0,0
BRDA:46,2,1,0
BRDA:49,3,0,0
BRDA:49,3,1,0
BRDA:92,4,0,0
BRDA:92,4,1,0
BRDA:115,5,0,1
BRDA:115,5,1,1
BRDA:118,6,0,1
BRDA:118,6,1,0
BRDA:118,7,0,1
BRDA:118,7,1,0
BRDA:122,8,0,0
BRDA:122,8,1,0
BRDA:126,9,0,0
BRDA:126,9,1,0
BRDA:163,10,0,0
BRDA:163,10,1,0
BRDA:174,11,0,0
BRDA:174,11,1,0
BRF:24
BRH:4
end_of_record
TN:
SF:src/routes/interviewer.js
FN:29,(anonymous_0)
FN:92,(anonymous_1)
FN:117,(anonymous_2)
FN:173,(anonymous_3)
FN:201,(anonymous_4)
FN:202,(anonymous_5)
FN:212,(anonymous_6)
FN:261,(anonymous_7)
FNF:8
FNH:0
FNDA:0,(anonymous_0)
FNDA:0,(anonymous_1)
FNDA:0,(anonymous_2)
FNDA:0,(anonymous_3)
FNDA:0,(anonymous_4)
FNDA:0,(anonymous_5)
FNDA:0,(anonymous_6)
FNDA:0,(anonymous_7)
DA:13,2
DA:14,2
DA:15,2
DA:16,2
DA:17,2
DA:18,2
DA:20,2
DA:23,2
DA:27,2
DA:30,0
DA:31,0
DA:33,0
DA:34,0
DA:36,0
DA:37,0
DA:40,0
DA:41,0
DA:42,0
DA:43,0
DA:47,0
DA:54,0
DA:57,0
DA:65,0
DA:67,0
DA:69,0
DA:76,0
DA:77,0
DA:79,0
DA:84,0
DA:85,0
DA:92,2
DA:93,0
DA:94,0
DA:109,0
DA:111,0
DA:117,2
DA:118,0
DA:120,0
DA:121,0
DA:124,0
DA:129,0
DA:130,0
DA:131,0
DA:134,0
DA:135,0
DA:136,0
DA:140,0
DA:141,0
DA:142,0
DA:143,0
DA:150,0
DA:155,0
DA:160,0
DA:161,0
DA:164,0
DA:165,0
DA:167,0
DA:173,2
DA:174,0
DA:175,0
DA:200,0
DA:201,0
DA:202,0
DA:204,0
DA:206,0
DA:212,2
DA:213,0
DA:214,0
DA:251,0
DA:253,0
DA:259,2
DA:262,0
DA:264,0
DA:265,0
DA:273,0
DA:274,0
DA:283,0
DA:285,0
DA:290,2
LF:79
LH:15
BRDA:41,0,0,0
BRDA:41,0,1,0
BRDA:84,1,0,0
BRDA:84,1,1,0
BRDA:129,2,0,0
BRDA:129,2,1,0
BRDA:134,3,0,0
BRDA:134,3,1,0
BRDA:141,4,0,0
BRDA:141,4,1,0
BRDA:273,5,0,0
BRDA:273,5,1,0
BRDA:277,6,0,0
BRDA:277,6,1,0
BRF:14
BRH:0
end_of_record
TN:
SF:src/routes/user.js
FN:25,(anonymous_0)
FN:56,(anonymous_1)
FN:98,(anonymous_2)
FN:110,(anonymous_3)
FN:163,(anonymous_4)
FNF:5
FNH:0
FNDA:0,(anonymous_0)
FNDA:0,(anonymous_1)
FNDA:0,(anonymous_2)
FNDA:0,(anonymous_3)
FNDA:0,(anonymous_4)
DA:11,2
DA:12,2
DA:13,2
DA:14,2
DA:15,2
DA:17,2
DA:19,2
DA:23,2
DA:26,0
DA:28,0
DA:29,0
DA:32,0
DA:33,0
DA:45,0
DA:47,0
DA:56,2
DA:57,0
DA:58,0
DA:59,0
DA:61,0
DA:81,0
DA:82,0
DA:83,0
DA:84,0
DA:85,0
DA:88,0
DA:90,0
DA:96,2
DA:99,0
DA:100,0
DA:101,0
DA:103,0
DA:110,2
DA:111,0
DA:112,0
DA:138,0
DA:139,0
DA:142,0
DA:144,0
DA:150,0
DA:157,0
DA:163,2
DA:164,0
DA:165,0
DA:166,0
DA:168,0
DA:172,2
LF:47
LH:13
BRDA:28,0,0,0
BRDA:28,0,1,0
BRDA:28,1,0,0
BRDA:28,1,1,0
BRDA:58,2,0,0
BRDA:58,2,1,0
BRDA:59,3,0,0
BRDA:59,3,1,0
BRDA:84,4,0,0
BRDA:84,4,1,0
BRDA:138,5,0,0
BRDA:138,5,1,0
BRDA:144,6,0,0
BRDA:144,6,1,0
BRF:14
BRH:0
end_of_record
